
If you use the ChemEnv tool for your research, please consider citing the following reference(s) :
==================================================================================================
David Waroquiers, Xavier Gonze, Gian-Marco Rignanese, Cathrin Welker-Nieuwoudt, Frank Rosowski,
Michael Goebel, Stephan Schenk, Peter Degelmann, Rute Andre, Robert Glaum, and Geoffroy Hautier,
"Statistical analysis of coordination environments in oxides",
Chem. Mater., 2017, 29 (19), pp 8346-8360,
DOI: 10.1021/acs.chemmater.7b02766

dirlist= 475
1001238
1001239
1001240
1001241
1001242
1001243
1001244
1001245
1001246
1001247
1001248
1001249
1004015
1005001
1005002
1005005
1005006
1005013
1005019
1005020
1005021
1005027
1005028
1005031
1005032
1005035
1005038
1005039
1005040
1005042
1005045
1005050
1005052
1005057
1005058
1008529
1008530
1008531
1008557
1008558
1008559
1008560
1008600
1008601
1008956
1009040
1009044
1009045
1009046
1009048
1009050
1009051
1009056
1009074
1010040
1010088
1010089
1010167
1010168
1010169
1010308
1010330
1010331
1010391
1010392
1010514
1010602
1010974
1011099
1011101
1011102
1011216
1011217
1011316
1011317
1011318
1011319
1011361
1100029
1100031
1100034
1100037
1101041
1101043
1101045
1101046
1101081
1509463
1509634
1509981
1510065
1510068
1510242
1510243
1510704
1510742
1510743
1510744
1510926
1510937
1510978
1510979
1510980
1511018
1511024
1511203
1511227
1511235
1511241
1511244
1511245
1511246
1511423
1511471
1511691
1513213
1520911
1521099
1523015
1523095
1523630
1523788
1524456
1524555
1524693
1525095
1525430
1525431
1526338
1526406
1526560
1526562
1526563
1526565
1526567
1526569
1526570
1526572
1526574
1526576
1526578
1526580
1526688
1526740
1526992
1527231
1527233
1527235
1527603
1527646
1527862
1527914
1528098
1528213
1528414
1528590
1528599
1528616
1528835
1529114
1530588
1531000
1531106
1531138
1531482
1531616
1532001
1532003
1532026
1532052
1532058
1532385
1532511
1532515
1532516
1532606
1532734
1532754
1532798
1533194
1533300
1533301
1533888
1533889
1533890
1533891
1533892
1533893
1533894
1533897
1533898
1533899
1533901
1533903
1533904
1533958
1534043
1534044
1534071
1534296
1534590
1534592
1534595
1534678
1534681
1534778
1534782
1534796
1534954
1535030
1535033
1535035
1535117
1535284
1535288
1535419
1535422
1535440
1535443
1535470
1535838
1535842
1535846
1535849
1535904
1535917
1535922
1535927
1535987
1536047
1536825
1536828
1536894
1537475
1537476
1537672
1537714
1537719
1537736
1537749
1537803
1537822
1537826
1537834
1537954
1537955
1537957
1537959
1537963
1538016
1538055
1538058
1538268
1538270
1538272
1538276
1538278
1538279
1538340
1538341
1538342
1538614
1538664
1538667
1538751
1538753
1538803
1538842
1539063
1539157
1539168
1539196
1539211
1539256
1539259
1539262
1539264
1539297
1539323
1539325
1539404
1539407
1539488
1539491
1539500
1539577
1541212
1541213
1541850
1541975
1542030
1542116
1542195
1542200
1544904
1544905
1552076
1557477
1561435
1563187
1563188
2000944
2004796
2006775
2006835
2006836
2012637
2012796
2015590
2016168
2016170
2016173
2100976
2101328
2101587
2102550
2102551
2105416
2106407
2106735
2106857
2107066
2200084
2204401
2222174
2239525
2242624
2310148
2310341
2310494
2310495
2310658
2310869
2310870
2310871
2310957
4001634
4001935
4001936
4001937
4001979
4002378
4002499
4002732
4002733
4003026
4003027
4003028
4003637
4030363
4030500
4030616
4030718
4117452
4117453
4121091
4124680
4124681
4124772
4124799
4303939
4303942
4303945
4306748
4307489
4308277
4311893
4320309
4321046
4321047
4321677
4321678
4321679
4323349
4323350
4323351
4327588
4327589
4328598
4333085
4334785
4334786
4343851
4344130
4344132
6000257
7009095
7110559
7129000
7208132
7221282
7222391
7222392
7222546
7222625
7222769
7222771
7222772
7222775
7222985
7222986
7234258
7234259
7700387
7709408
8100237
8100364
8100807
8100889
8101305
8101306
8101307
8101309
8102920
8102970
8102971
8102988
8102989
8103398
8103444
8103446
8103448
8103449
8103450
8103571
8103572
8103674
8103709
8103855
8103919
8103994
8104130
8104308
8104361
9004225
9008165
9008612
9008619
9008624
9008628
9008631
9008638
9008644
9008658
9008670
9008683
9008687
9008700
9008712
9008716
9008735
9008748
9008751
9008757
9008765
9008768
9008771
9008778
9008834
9008860
9008868
9008869
9008874
9008876
9008975
9008997
9009048
9011657
9011658
9011660
9012057
9013139
9013140
9014564
9016422
finish save fig
