
If you use the ChemEnv tool for your research, please consider citing the following reference(s) :
==================================================================================================
David Waroquiers, Xavier Gonze, Gian-Marco Rignanese, Cathrin Welker-Nieuwoudt, Frank Rosowski,
Michael Goebel, Stephan Schenk, Peter Degelmann, Rute Andre, Robert Glaum, and Geoffroy Hautier,
"Statistical analysis of coordination environments in oxides",
Chem. Mater., 2017, 29 (19), pp 8346-8360,
DOI: 10.1021/acs.chemmater.7b02766

dirlist= 6992
1000007
1000017
1000022
1000030
1000031
1000032
1000034
1000039
1000044
1000047
1000053
1000058
1000059
1000062
1000063
1000064
1000069
1000071
1000116
1000117
1000134
1000242
1000250
1000251
1000255
1000268
1000270
1000284
1000287
1000290
1000291
1000292
1000293
1000294
1000301
1000302
1000303
1000304
1000307
1000308
1000309
1000310
1000311
1000312
1000313
1000314
1000315
1000316
1000317
1000318
1000339
1000346
1000347
1000354
1000379
1000396
1000414
1000423
1000431
1000442
1000469
1000482
1000483
1000484
1000500
1000501
1000502
1001001
1001002
1001004
1001007
1001008
1001022
1001024
1001027
1001053
1001073
1001074
1001075
1001076
1001077
1001078
1001079
1001091
1001093
1001094
1001096
1001100
1001102
1001103
1001104
1001105
1001111
1001112
1001113
1001114
1001115
1001116
1001117
1001118
1001119
1001120
1001121
1001122
1001128
1001132
1001143
1001150
1001151
1001171
1001174
1001177
1001178
1001179
1001180
1001196
1001197
1001202
1001203
1001208
1001221
1001222
1001250
1001251
1001254
1001302
1001327
1001328
1001338
1001345
1001352
1001359
1001360
1001386
1001392
1001413
1001421
1001443
1001452
1001453
1001454
1001455
1001456
1001457
1001469
1001472
1001473
1001499
1001501
1001537
1001569
1001575
1001639
1001645
1001651
1001661
1001662
1001663
1001664
1001665
1001676
1001678
1001682
1001684
1001685
1001686
1001711
1001712
1001718
1001720
1001725
1001745
1001751
1001772
1001773
1001775
1001777
1001799
1001800
1001820
1001838
1001839
1001840
1001841
1001842
1001860
1004018
1004020
1004021
1004022
1004023
1004046
1004047
1004057
1004061
1004062
1004063
1004066
1004067
1004068
1004080
1004084
1004107
1004114
1004115
1004124
1004132
1004145
1004149
1004151
1005000
1005043
1005059
1006010
1006011
1006025
1006026
1006027
1006034
1006035
1006036
1006037
1006038
1006042
1006043
1006044
1006045
1006051
1006052
1006053
1006054
1006055
1006056
1006057
1006058
1006059
1006060
1006061
1006062
1006064
1006072
1006073
1006075
1006083
1006084
1006085
1006086
1006087
1006088
1006090
1006131
1006141
1006163
1007030
1007051
1007054
1007065
1007067
1007072
1007073
1007074
1007075
1007081
1007100
1007185
1007234
1007256
1008002
1008003
1008024
1008025
1008033
1008036
1008040
1008048
1008049
1008050
1008057
1008066
1008067
1008069
1008073
1008074
1008075
1008076
1008077
1008082
1008083
1008084
1008085
1008086
1008089
1008091
1008092
1008093
1008103
1008104
1008105
1008116
1008125
1008130
1008131
1008132
1008133
1008134
1008135
1008136
1008137
1008138
1008139
1008140
1008141
1008142
1008143
1008146
1008147
1008152
1008153
1008154
1008155
1008158
1008159
1008160
1008161
1008162
1008163
1008164
1008166
1008169
1008179
1008180
1008185
1008191
1008192
1008195
1008196
1008197
1008198
1008200
1008201
1008215
1008216
1008219
1008220
1008238
1008252
1008254
1008267
1008328
1008353
1008354
1008356
1008373
1008398
1008399
1008400
1008401
1008402
1008403
1008404
1008405
1008406
1008407
1008408
1008409
1008410
1008411
1008412
1008413
1008450
1008460
1008477
1008498
1008515
1008536
1008541
1008628
1008633
1008644
1008645
1008646
1008647
1008659
1008660
1008664
1008671
1008743
1008744
1008752
1008753
1008754
1008755
1008759
1008761
1008777
1008778
1008779
1008805
1008831
1008832
1008882
1008902
1008903
1008904
1008912
1008913
1008915
1008923
1008924
1008925
1008927
1008928
1008929
1008930
1008931
1008935
1008941
1008942
1008953
1008965
1009013
1009014
1009015
1009017
1009030
1009031
1009033
1009034
1009036
1009057
1009063
1010015
1010017
1010023
1010026
1010027
1010031
1010039
1010064
1010093
1010095
1010111
1010113
1010114
1010128
1010129
1010130
1010131
1010171
1010172
1010215
1010278
1010279
1010280
1010281
1010329
1010332
1010333
1010334
1010335
1010336
1010337
1010338
1010339
1010340
1010341
1010381
1010382
1010393
1010406
1010407
1010410
1010419
1010424
1010425
1010436
1010437
1010440
1010443
1010468
1010486
1010521
1010526
1010541
1010582
1010583
1010584
1010585
1010586
1010587
1010588
1010589
1010590
1010591
1010592
1010593
1010594
1010595
1010604
1010618
1010623
1010644
1010876
1010878
1010898
1010901
1010902
1010912
1010914
1010915
1010921
1010924
1010927
1010938
1010939
1010941
1010942
1010943
1010944
1010951
1010952
1010953
1010954
1010957
1010959
1010963
1010977
1010987
1010989
1011001
1011002
1011003
1011028
1011030
1011032
1011033
1011034
1011043
1011047
1011048
1011051
1011055
1011057
1011064
1011066
1011067
1011073
1011082
1011084
1011094
1011095
1011096
1011097
1011116
1011117
1011118
1011123
1011126
1011128
1011147
1011148
1011156
1011159
1011163
1011164
1011165
1011166
1011167
1011168
1011169
1011172
1011173
1011174
1011176
1011186
1011191
1011193
1011194
1011197
1011198
1011200
1011202
1011204
1011210
1011211
1011220
1011225
1011227
1011245
1011252
1011258
1011259
1011262
1011263
1011265
1011267
1011278
1011281
1011287
1011288
1011289
1011291
1011325
1011326
1011327
1011328
1011329
1011342
1011362
1011372
1100020
1100022
1100027
1100028
1100042
1100045
1100046
1100047
1100052
1100054
1100055
1100056
1100060
1100065
1100067
1100167
1100916
1100971
1100986
1101035
1101039
1101049
1101053
1101066
1101077
1101079
1101148
1101149
1101150
1200005
1500044
1501467
1501468
1501470
1505106
1507756
1507757
1507758
1508503
1509212
1509215
1509222
1509232
1509265
1509273
1509280
1509281
1509282
1509288
1509289
1509290
1509306
1509314
1509345
1509396
1509397
1509398
1509420
1509421
1509422
1509428
1509431
1509434
1509473
1509474
1509475
1509486
1509487
1509488
1509489
1509490
1509493
1509495
1509496
1509498
1509503
1509613
1509615
1509618
1509622
1509630
1509639
1509663
1509670
1509682
1509683
1509684
1509685
1509686
1509687
1509688
1509689
1509690
1509691
1509692
1509695
1509699
1509701
1509782
1509784
1509785
1509786
1509810
1509811
1509885
1509886
1509889
1509894
1509905
1509922
1509924
1509925
1509941
1509946
1509947
1509984
1510021
1510025
1510098
1510101
1510102
1510109
1510110
1510134
1510152
1510162
1510192
1510201
1510202
1510209
1510212
1510224
1510248
1510249
1510250
1510260
1510261
1510262
1510263
1510265
1510361
1510398
1510442
1510450
1510452
1510453
1510508
1510553
1510568
1510569
1510618
1510643
1510644
1510645
1510649
1510650
1510651
1510653
1510656
1510680
1510685
1510695
1510700
1510705
1510715
1510719
1510731
1510735
1510736
1510740
1510753
1510770
1510774
1510786
1510794
1510796
1510797
1510799
1510800
1510801
1510830
1510841
1510872
1510873
1510874
1510875
1510878
1510879
1510883
1510887
1510892
1510905
1510908
1510913
1510914
1510915
1510917
1510920
1510922
1510924
1510925
1510928
1510929
1510930
1510932
1510933
1510934
1510941
1510944
1510945
1510946
1510947
1510948
1510981
1510987
1511001
1511002
1511004
1511015
1511019
1511020
1511025
1511027
1511028
1511036
1511068
1511079
1511080
1511088
1511098
1511113
1511117
1511131
1511157
1511158
1511162
1511168
1511171
1511172
1511173
1511175
1511176
1511196
1511197
1511199
1511204
1511205
1511206
1511212
1511217
1511223
1511238
1511247
1511248
1511251
1511272
1511275
1511279
1511281
1511285
1511286
1511288
1511373
1511387
1511391
1511393
1511396
1511403
1511405
1511417
1511433
1511440
1511464
1511469
1511472
1511473
1511474
1511482
1511489
1511494
1511496
1511497
1511498
1511499
1511501
1511502
1511503
1511532
1511533
1511535
1511536
1511537
1511538
1511539
1511540
1511541
1511544
1511549
1511550
1511553
1511554
1511592
1511597
1511617
1511635
1511637
1511638
1511639
1511654
1511684
1511695
1511702
1511703
1511704
1511708
1511710
1511716
1511729
1511734
1511738
1511739
1511740
1511741
1511744
1511754
1511755
1511756
1511758
1512117
1512118
1512119
1512124
1512557
1512657
1513252
1513300
1513880
1513956
1513958
1513959
1513962
1513963
1513964
1513965
1513966
1513967
1513968
1513969
1513970
1513971
1513972
1513980
1513988
1513996
1513997
1514003
1514006
1514008
1514009
1514015
1514017
1514020
1514021
1514028
1514029
1514033
1514035
1514041
1514042
1514045
1514050
1514066
1514067
1514072
1514083
1514084
1514085
1514086
1514087
1514088
1514089
1514090
1514091
1514092
1514093
1514098
1514099
1514100
1514101
1514102
1514103
1514104
1514105
1514106
1514107
1514108
1514109
1514110
1514111
1514112
1514113
1514114
1514115
1514116
1514117
1514118
1514119
1514120
1514121
1514225
1514226
1514227
1514228
1514229
1514230
1514231
1514232
1514234
1514235
1514236
1514237
1514238
1514239
1514240
1514241
1515995
1516019
1516110
1516578
1516964
1517786
1517788
1517825
1517826
1517849
1518045
1518102
1518113
1518159
1518160
1518197
1519036
1519040
1519048
1520641
1520645
1520779
1520780
1520781
1520782
1520783
1520791
1520802
1520803
1520830
1520852
1520870
1520881
1520897
1520902
1520947
1520962
1520993
1521011
1521023
1521025
1521059
1521062
1521063
1521069
1521093
1521094
1521095
1521113
1521114
1521115
1521116
1521117
1521119
1521121
1521122
1521124
1521144
1521150
1521153
1521170
1521171
1521175
1521178
1521179
1521180
1521181
1521187
1521190
1521195
1521235
1521237
1521238
1521239
1521241
1521255
1521256
1521258
1521264
1521291
1521300
1521314
1521320
1521322
1521328
1521337
1521338
1521340
1521347
1521348
1521349
1521351
1521352
1521353
1521356
1521357
1521358
1521363
1521374
1521385
1521386
1521387
1521388
1521389
1521390
1521391
1521392
1521406
1521415
1521419
1521428
1521431
1521432
1521433
1521458
1521460
1521468
1521490
1521493
1521501
1521521
1521522
1521530
1521531
1521532
1521533
1521534
1521536
1521636
1521637
1521638
1521640
1521676
1521681
1521682
1521688
1521689
1521695
1521733
1521744
1521748
1521750
1521753
1521772
1521791
1521812
1521813
1521833
1521843
1521846
1521847
1521848
1521849
1521869
1521874
1521886
1521887
1521924
1521995
1521996
1522004
1522005
1522025
1522026
1522027
1522035
1522038
1522042
1522043
1522044
1522045
1522046
1522049
1522060
1522063
1522094
1522123
1522143
1522158
1522171
1522178
1522181
1522185
1522193
1522201
1522204
1522263
1522303
1522309
1522314
1522587
1523024
1523082
1523083
1523084
1523192
1523212
1523213
1523329
1523619
1523718
1523828
1523841
1523842
1523942
1523953
1523955
1524010
1524013
1524038
1524044
1524056
1524068
1524069
1524071
1524091
1524100
1524127
1524179
1524203
1524297
1524298
1524299
1524300
1524338
1524532
1524667
1524718
1524770
1524840
1524841
1524853
1524913
1524992
1525024
1525067
1525093
1525098
1525101
1525160
1525167
1525168
1525169
1525242
1525246
1525399
1525401
1525402
1525437
1525461
1525462
1525463
1525464
1525465
1525541
1525569
1525570
1525571
1525572
1525595
1525609
1525661
1525676
1525677
1525682
1525688
1525697
1525705
1525706
1525707
1525711
1525744
1525756
1525765
1525805
1525827
1525831
1525833
1525835
1525860
1525895
1525898
1525899
1525900
1525901
1525905
1525912
1525915
1525916
1525929
1525930
1525933
1525935
1525941
1525978
1525980
1525982
1525994
1525996
1525999
1526005
1526008
1526024
1526026
1526028
1526035
1526036
1526037
1526039
1526040
1526044
1526057
1526059
1526060
1526061
1526064
1526076
1526078
1526086
1526102
1526160
1526176
1526178
1526216
1526238
1526242
1526244
1526252
1526254
1526264
1526275
1526276
1526316
1526340
1526380
1526408
1526427
1526438
1526441
1526450
1526460
1526485
1526487
1526513
1526515
1526517
1526519
1526524
1526526
1526528
1526556
1526559
1526613
1526615
1526633
1526634
1526636
1526637
1526638
1526639
1526660
1526668
1526670
1526672
1526674
1526676
1526678
1526682
1526720
1526729
1526734
1526739
1526749
1526751
1526786
1526799
1526801
1526802
1526803
1526805
1526807
1526809
1526860
1526869
1526894
1526905
1526931
1526948
1526949
1526950
1526951
1526952
1526953
1526954
1526955
1526989
1526990
1527049
1527061
1527073
1527074
1527075
1527090
1527091
1527096
1527107
1527109
1527119
1527135
1527172
1527174
1527179
1527180
1527181
1527186
1527193
1527194
1527199
1527203
1527206
1527219
1527229
1527249
1527260
1527292
1527312
1527397
1527398
1527399
1527400
1527401
1527404
1527408
1527491
1527492
1527493
1527505
1527506
1527507
1527508
1527531
1527532
1527536
1527537
1527544
1527545
1527546
1527585
1527631
1527634
1527635
1527647
1527648
1527650
1527666
1527685
1527692
1527693
1527730
1527735
1527736
1527737
1527738
1527739
1527740
1527741
1527742
1527743
1527757
1527759
1527762
1527769
1527770
1527783
1527809
1527817
1527818
1527819
1527820
1527821
1527822
1527823
1527824
1527825
1527826
1527827
1527828
1527829
1527849
1527850
1527858
1527895
1527918
1527919
1527935
1527947
1527948
1527956
1527962
1527963
1527964
1527982
1527983
1527984
1527995
1528007
1528008
1528016
1528017
1528018
1528029
1528030
1528048
1528049
1528050
1528051
1528052
1528053
1528054
1528055
1528059
1528060
1528074
1528075
1528077
1528082
1528083
1528084
1528085
1528087
1528090
1528091
1528092
1528128
1528145
1528146
1528149
1528164
1528166
1528175
1528176
1528203
1528205
1528206
1528207
1528246
1528247
1528248
1528249
1528250
1528259
1528281
1528282
1528284
1528287
1528289
1528293
1528316
1528327
1528335
1528336
1528340
1528346
1528356
1528359
1528364
1528397
1528398
1528417
1528420
1528454
1528485
1528490
1528492
1528493
1528499
1528500
1528501
1528502
1528503
1528509
1528512
1528513
1528526
1528527
1528557
1528572
1528585
1528592
1528593
1528601
1528602
1528612
1528617
1528618
1528638
1528645
1528654
1528660
1528661
1528662
1528678
1528679
1528680
1528696
1528703
1528708
1528718
1528719
1528722
1528723
1528740
1528741
1528744
1528753
1528754
1528755
1528756
1528776
1528778
1528808
1528814
1528819
1528828
1528838
1528844
1528854
1528859
1528862
1528864
1528865
1528866
1528867
1528868
1528874
1528882
1528887
1528889
1528895
1528915
1528924
1528925
1528928
1528935
1528937
1528946
1528962
1528963
1528966
1528967
1528977
1528984
1528988
1528989
1528994
1529000
1529005
1529006
1529012
1529013
1529015
1529016
1529017
1529018
1529019
1529022
1529026
1529037
1529038
1529052
1529057
1529058
1529099
1529145
1529146
1529178
1529189
1529192
1529268
1529269
1529270
1529369
1529436
1529441
1529480
1529485
1529511
1529512
1529519
1529535
1529586
1529598
1529601
1529602
1529603
1529606
1529618
1529621
1529641
1529687
1529719
1529744
1529747
1529756
1529762
1529766
1529778
1529828
1529836
1529837
1529891
1529892
1529899
1529921
1529932
1529933
1529934
1529949
1529950
1529951
1529954
1529955
1529961
1529965
1529968
1529969
1529972
1530026
1530052
1530062
1530093
1530102
1530103
1530136
1530137
1530140
1530150
1530151
1530169
1530172
1530174
1530175
1530176
1530177
1530178
1530179
1530180
1530182
1530183
1530189
1530192
1530195
1530198
1530199
1530200
1530223
1530224
1530230
1530268
1530281
1530282
1530284
1530286
1530292
1530317
1530328
1530332
1530341
1530343
1530350
1530351
1530352
1530353
1530355
1530370
1530378
1530380
1530384
1530385
1530406
1530407
1530408
1530409
1530425
1530426
1530434
1530438
1530475
1530479
1530480
1530485
1530486
1530496
1530497
1530501
1530513
1530543
1530546
1530581
1530596
1530601
1530619
1530621
1530625
1530633
1530636
1530637
1530640
1530641
1530663
1530680
1530706
1530713
1530718
1530724
1530728
1530729
1530733
1530739
1530751
1530767
1530770
1530773
1530775
1530785
1530786
1530787
1530789
1530801
1530825
1530845
1530846
1530854
1530862
1530870
1530874
1530885
1530887
1530890
1530893
1530898
1530904
1530905
1530906
1530907
1530908
1530909
1530910
1530911
1530915
1530944
1530947
1530951
1530953
1530964
1530970
1530978
1530982
1530992
1530993
1530995
1530998
1531013
1531016
1531019
1531028
1531060
1531068
1531069
1531073
1531102
1531103
1531107
1531133
1531148
1531151
1531154
1531156
1531189
1531195
1531196
1531212
1531221
1531229
1531231
1531241
1531242
1531245
1531254
1531257
1531260
1531266
1531273
1531275
1531283
1531289
1531292
1531307
1531330
1531352
1531366
1531389
1531404
1531408
1531431
1531515
1531516
1531517
1531526
1531534
1531537
1531540
1531543
1531546
1531549
1531552
1531555
1531557
1531559
1531565
1531568
1531581
1531583
1531586
1531589
1531592
1531594
1531596
1531599
1531615
1531636
1531648
1531650
1531665
1531667
1531670
1531686
1531704
1531746
1531749
1531759
1531762
1531776
1531780
1531787
1531797
1531799
1531800
1531802
1531803
1531806
1531875
1531877
1531880
1531883
1531912
1531926
1531958
1531959
1531961
1531963
1531965
1531967
1531969
1531998
1532016
1532065
1532088
1532104
1532106
1532119
1532120
1532121
1532124
1532125
1532137
1532138
1532139
1532149
1532152
1532156
1532158
1532160
1532161
1532163
1532215
1532218
1532250
1532254
1532258
1532260
1532276
1532284
1532290
1532295
1532298
1532332
1532360
1532362
1532380
1532402
1532418
1532419
1532512
1532513
1532514
1532523
1532569
1532603
1532604
1532605
1532652
1532654
1532703
1532705
1532707
1532730
1532741
1532743
1532747
1532773
1532781
1532789
1532792
1532795
1532796
1532800
1532806
1532819
1532823
1532827
1532830
1532839
1532853
1532868
1532912
1532946
1532956
1532958
1532961
1532975
1532979
1532981
1532983
1532999
1533021
1533022
1533023
1533028
1533031
1533033
1533047
1533054
1533055
1533069
1533087
1533104
1533115
1533117
1533144
1533145
1533155
1533176
1533177
1533184
1533185
1533206
1533275
1533276
1533305
1533324
1533328
1533382
1533387
1533390
1533393
1533396
1533399
1533401
1533404
1533406
1533408
1533412
1533428
1533431
1533434
1533435
1533437
1533438
1533440
1533443
1533462
1533470
1533492
1533520
1533523
1533548
1533556
1533560
1533564
1533567
1533568
1533569
1533571
1533584
1533599
1533602
1533606
1533609
1533610
1533613
1533625
1533629
1533633
1533637
1533639
1533672
1533708
1533712
1533716
1533724
1533771
1533774
1533778
1533782
1533796
1533800
1533825
1533847
1533864
1533867
1533871
1533878
1533961
1533962
1533972
1533975
1533978
1534009
1534028
1534029
1534033
1534035
1534037
1534040
1534045
1534046
1534047
1534054
1534055
1534056
1534057
1534058
1534059
1534060
1534061
1534083
1534156
1534158
1534159
1534191
1534193
1534194
1534220
1534221
1534222
1534223
1534224
1534225
1534226
1534227
1534228
1534229
1534230
1534231
1534232
1534233
1534234
1534235
1534241
1534263
1534264
1534276
1534304
1534305
1534306
1534307
1534312
1534313
1534315
1534316
1534328
1534329
1534330
1534331
1534332
1534333
1534334
1534336
1534354
1534363
1534369
1534370
1534374
1534392
1534403
1534417
1534454
1534459
1534460
1534462
1534464
1534468
1534469
1534476
1534483
1534486
1534522
1534523
1534530
1534540
1534542
1534559
1534587
1534591
1534598
1534613
1534619
1534655
1534658
1534666
1534701
1534704
1534756
1534781
1534785
1534821
1534834
1534836
1534851
1534858
1534861
1534864
1534869
1534887
1534890
1534906
1534912
1534920
1534924
1534928
1534952
1534960
1534968
1534971
1534980
1534985
1535014
1535017
1535040
1535066
1535081
1535092
1535096
1535150
1535156
1535159
1535185
1535188
1535211
1535221
1535227
1535231
1535235
1535245
1535247
1535271
1535275
1535315
1535336
1535348
1535351
1535355
1535358
1535393
1535395
1535397
1535472
1535482
1535486
1535502
1535505
1535509
1535510
1535524
1535527
1535528
1535531
1535549
1535552
1535553
1535581
1535585
1535593
1535667
1535683
1535685
1535688
1535692
1535696
1535728
1535730
1535731
1535735
1535736
1535737
1535741
1535743
1535790
1535815
1535860
1535864
1535882
1535921
1535926
1535931
1535935
1535939
1535950
1535960
1535961
1535965
1535969
1535973
1535976
1535979
1535981
1535983
1535988
1536006
1536009
1536011
1536012
1536014
1536017
1536021
1536025
1536028
1536031
1536134
1536206
1536207
1536210
1536213
1536216
1536219
1536221
1536225
1536229
1536261
1536266
1536268
1536277
1536280
1536284
1536297
1536335
1536338
1536389
1536404
1536406
1536409
1536426
1536432
1536434
1536463
1536487
1536511
1536548
1536578
1536611
1536614
1536618
1536620
1536637
1536639
1536669
1536671
1536681
1536747
1536758
1536764
1536791
1536799
1536809
1536810
1536817
1536819
1536822
1536831
1536841
1536851
1536861
1536864
1536865
1536867
1536897
1536906
1536928
1536935
1536947
1536949
1536952
1536955
1536958
1537005
1537079
1537081
1537119
1537125
1537129
1537130
1537145
1537152
1537156
1537165
1537207
1537224
1537275
1537301
1537302
1537303
1537316
1537321
1537322
1537362
1537363
1537396
1537405
1537406
1537408
1537410
1537411
1537412
1537419
1537420
1537427
1537428
1537429
1537430
1537464
1537501
1537502
1537507
1537508
1537519
1537537
1537543
1537547
1537552
1537555
1537559
1537568
1537578
1537585
1537594
1537654
1537656
1537668
1537693
1537704
1537721
1537725
1537779
1537781
1537836
1537837
1537838
1537839
1537840
1537842
1537844
1537846
1537875
1537882
1537890
1537982
1537983
1537984
1538012
1538030
1538064
1538144
1538146
1538147
1538149
1538150
1538153
1538157
1538262
1538264
1538284
1538285
1538286
1538287
1538288
1538315
1538317
1538319
1538320
1538321
1538328
1538347
1538348
1538349
1538367
1538368
1538369
1538370
1538380
1538381
1538382
1538384
1538385
1538386
1538388
1538390
1538392
1538394
1538396
1538397
1538398
1538400
1538402
1538404
1538405
1538407
1538428
1538458
1538459
1538522
1538527
1538530
1538531
1538545
1538665
1538672
1538678
1538733
1538755
1538793
1538934
1538938
1538963
1538964
1538970
1539064
1539065
1539083
1539084
1539087
1539088
1539090
1539106
1539117
1539138
1539146
1539156
1539160
1539247
1539308
1539331
1539332
1539339
1539342
1539343
1539352
1539358
1539381
1539402
1539405
1539408
1539411
1539413
1539442
1539493
1539497
1539510
1539516
1539536
1539547
1539552
1539580
1539592
1539599
1539601
1539607
1539623
1539654
1539671
1539674
1539682
1539719
1539721
1539723
1539727
1539732
1539747
1539752
1539760
1539761
1539770
1539804
1539824
1539831
1539848
1539863
1539914
1539922
1539928
1539930
1539931
1539932
1539934
1539951
1539958
1539959
1539974
1539975
1539998
1539999
1540000
1540001
1540002
1540003
1540010
1540012
1540013
1540048
1540084
1540085
1540086
1540089
1540092
1540095
1540097
1540108
1540109
1540110
1540112
1540116
1540119
1540126
1540145
1540149
1540156
1540195
1540209
1540254
1540260
1540262
1540275
1540277
1540280
1540329
1540332
1540335
1540676
1540704
1540775
1540781
1540803
1540824
1540825
1540845
1540894
1540895
1540896
1540897
1540898
1540927
1540928
1541010
1541011
1541012
1541015
1541026
1541028
1541029
1541063
1541067
1541069
1541070
1541072
1541133
1541145
1541150
1541151
1541153
1541154
1541155
1541183
1541187
1541203
1541208
1541270
1541271
1541282
1541316
1541318
1541397
1541447
1541453
1541455
1541457
1541458
1541459
1541461
1541488
1541490
1541493
1541567
1541575
1541590
1541621
1541622
1541623
1541624
1541625
1541626
1541639
1541642
1541644
1541662
1541665
1541725
1541734
1541743
1541744
1541745
1541753
1541779
1541780
1541798
1541814
1541819
1541854
1541860
1541868
1541875
1541876
1541935
1541936
1541937
1541940
1541943
1541952
1541958
1541988
1542007
1542029
1542032
1542038
1542040
1542042
1542046
1542053
1542062
1542078
1542081
1542089
1542104
1542109
1542112
1542115
1542120
1542125
1542129
1542137
1542140
1542143
1542144
1542145
1542146
1542157
1542166
1542168
1542180
1542181
1542187
1542189
1542194
1542196
1542198
1542231
1542232
1542234
1542236
1542237
1542252
1542588
1543525
1543899
1543900
1544331
1544332
1544333
1544334
1544335
1544336
1544346
1544349
1544359
1544360
1544361
1544362
1544377
1544378
1544379
1544382
1544387
1544388
1544390
1544410
1544425
1544429
1544430
1544433
1544445
1544446
1544454
1544455
1544456
1544472
1544473
1544561
1544611
1544612
1544613
1544621
1544664
1544665
1544671
1544673
1544674
1544679
1544684
1544717
1544729
1544731
1544886
1544900
1544901
1544907
1545068
1545073
1545085
1545086
1545124
1545125
1545170
1545624
1545653
1545676
1545793
1545921
1546025
1546026
1546029
1546383
1546430
1546510
1546944
1546945
1547144
1547145
1547276
1547817
1547818
1547819
1547868
1547869
1547891
1547892
1548549
1548551
1548620
1548621
1548622
1548623
1548624
1548625
1548626
1548627
1548628
1548629
1548630
1548631
1548658
1548686
1548687
1548717
1548817
1548818
1548820
1549039
1549041
1549090
1549091
1549132
1549360
1549361
1549362
1549363
1549364
1549366
1550172
1550184
1550388
1550395
1550397
1550398
1550463
1550464
1550517
1550865
1551021
1551023
1551087
1551088
1551091
1551298
1551299
1551300
1551315
1551939
1551940
1551985
1552014
1552015
1552016
1552017
1552018
1552087
1552088
1552089
1552090
1552368
1552503
1556998
1556999
1557078
1558602
1558725
1559128
1559450
1559554
1559830
1559831
1559832
1559833
1559834
1559835
1559838
1559839
1559840
1559841
1559842
1559873
1559963
1559964
1560348
1560350
1560351
1560409
1560526
1560625
1560626
1560627
1560628
1560629
1560630
1560637
1560698
1560796
1561192
1561393
1561394
1561461
1561563
1561564
1561565
1561566
1561568
1561569
1561594
1561595
1561596
1561597
1561805
1561849
1561850
1561860
1561867
1561868
1561885
1561915
1561916
1561917
1561918
1561919
1561920
1561955
1561957
1562013
1562016
1562044
1562113
1562437
1562439
1562514
1562582
1562611
1562666
1562914
1562972
1562973
1562989
1563005
1563006
1563030
1563031
1563064
1563066
1563069
1563070
1563071
1563078
1563079
1563080
1563081
1563082
1563083
1563086
1563122
1563129
1563145
1563146
1563147
1563148
1563149
1563150
1563151
1563152
1563153
1563154
1563155
1563156
1563183
1563186
1563196
1563216
1563258
1563259
1563284
1563344
1563377
1563379
1563401
1563402
1563541
1563542
1563634
1563637
1563641
1563702
1563707
1563708
1563737
1563738
1563739
1563740
1566037
1566087
1566088
1566238
1566636
1566637
1566642
1566643
1566645
1566657
1566658
1566661
2000246
2000339
2000340
2000420
2000585
2000776
2000777
2000991
2000992
2001013
2001087
2001191
2001364
2001418
2001494
2001660
2001661
2001703
2001751
2001752
2001754
2001756
2001842
2001899
2001933
2001934
2001935
2001936
2002056
2002114
2002116
2002117
2002118
2002119
2002120
2002122
2002123
2002126
2002127
2002128
2002129
2002130
2002131
2002134
2002135
2002136
2002150
2002151
2002156
2002157
2002182
2002183
2002186
2002190
2002191
2002192
2002193
2002196
2002197
2002199
2002200
2002203
2002204
2002205
2002206
2002208
2002209
2002210
2002213
2002214
2002215
2002216
2002225
2002227
2002229
2002230
2002231
2002232
2002235
2002236
2002239
2002240
2002241
2002242
2002243
2002244
2002245
2002246
2002247
2002248
2002250
2002251
2002252
2002257
2002258
2002259
2002260
2002261
2002264
2002265
2002270
2002271
2002275
2002282
2002283
2002284
2002285
2002288
2002289
2002293
2002296
2002297
2002309
2002311
2002312
2002316
2002318
2002319
2002320
2002321
2002322
2002326
2002327
2002328
2002329
2002333
2002339
2002340
2002341
2002345
2002347
2002348
2002350
2002352
2002353
2002354
2002356
2002357
2002358
2002359
2002364
2002370
2002371
2002372
2002373
2002374
2002377
2002378
2002379
2002380
2002381
2002382
2002383
2002384
2002385
2002386
2002391
2002392
2002393
2002394
2002395
2002396
2002400
2002401
2002402
2002403
2002409
2002414
2002418
2002419
2002422
2002425
2002426
2002427
2002428
2002430
2002433
2002434
2002439
2002440
2002441
2002442
2002453
2002465
2002466
2002467
2002468
2002469
2002470
2002471
2002472
2002482
2002483
2002489
2002490
2002491
2002495
2002496
2002498
2002499
2002500
2002502
2002504
2002505
2002509
2002510
2002511
2002516
2002517
2002520
2002526
2002527
2002528
2002529
2002530
2002531
2002532
2002533
2002534
2002535
2002536
2002542
2002545
2002546
2002547
2002552
2002554
2002555
2002556
2002557
2002561
2002562
2002563
2002564
2002565
2002566
2002570
2002571
2002575
2002576
2002581
2002584
2002586
2002589
2002590
2002591
2002592
2002593
2002598
2002599
2002600
2002614
2002615
2002616
2002617
2002618
2002621
2002622
2002623
2002624
2002625
2002626
2002631
2002632
2002635
2002640
2002641
2002644
2002647
2002649
2002650
2002651
2002654
2002655
2002656
2002657
2002662
2002665
2002666
2002667
2002671
2002675
2002676
2002678
2002682
2002683
2002689
2002690
2002697
2002698
2002699
2002700
2002701
2002703
2002704
2002705
2002706
2002707
2002709
2002712
2002715
2002716
2002721
2002722
2002723
2002734
2002735
2002738
2002739
2002740
2002741
2002743
2002745
2002746
2002747
2002755
2002756
2002758
2002763
2002764
2002768
2002769
2002770
2002772
2002773
2002774
2002775
2002782
2002784
2002785
2002786
2002787
2002788
2002806
2002815
2002816
2002817
2002818
2002819
2002822
2002823
2002826
2002834
2002841
2002842
2002843
2002844
2002848
2002850
2002852
2002857
2002859
2002860
2002861
2002862
2002863
2002873
2002874
2002877
2002881
2002883
2002884
2002885
2002888
2002889
2002948
2002950
2002951
2002983
2003014
2003020
2003027
2003034
2003066
2003071
2003124
2003125
2003129
2003130
2003131
2003132
2003243
2003244
2003245
2003323
2003324
2003326
2003436
2003439
2003493
2003642
2003774
2003880
2003884
2003948
2003991
2004051
2004120
2004122
2004173
2004174
2004240
2004306
2004492
2004602
2004652
2004917
2004987
2005240
2005334
2005335
2005336
2005337
2005338
2005477
2005491
2005540
2005541
2005594
2005895
2006043
2006165
2006166
2006190
2006191
2006202
2006589
2006774
2006828
2006829
2006830
2006833
2006996
2007541
2007661
2007864
2008055
2008058
2008101
2008132
2008227
2008294
2008330
2008539
2008596
2008659
2008824
2009000
2009001
2009101
2009226
2009231
2009381
2009424
2009488
2009646
2009724
2009802
2009819
2009947
2010143
2010257
2010608
2010794
2010985
2010992
2011198
2011430
2011596
2011597
2011660
2011820
2011854
2011855
2011882
2012009
2012178
2012343
2012416
2012432
2012488
2012578
2012607
2012690
2012854
2013106
2013357
2013468
2013549
2013673
2013696
2013811
2014187
2014308
2014309
2014561
2014613
2014614
2014615
2014619
2014707
2014708
2014857
2014944
2015027
2015097
2015212
2015213
2015445
2015446
2015570
2015696
2016016
2016027
2016209
2016393
2016664
2016854
2016855
2017068
2017181
2017571
2017648
2017879
2017880
2018350
2018370
2018876
2019132
2019133
2019134
2019177
2019202
2019330
2019465
2019640
2019641
2019642
2019770
2019920
2020150
2020153
2020154
2020161
2020162
2020198
2020230
2020252
2020269
2020349
2020363
2020371
2020378
2020635
2020636
2020751
2020752
2020756
2020924
2021889
2021896
2022367
2100159
2100188
2100206
2100227
2100243
2100265
2100266
2100388
2100511
2100516
2100561
2100725
2100726
2100727
2100728
2100729
2100730
2100731
2100732
2100733
2100734
2100735
2100755
2100804
2100812
2100858
2100859
2100860
2100861
2100862
2100863
2100876
2100902
2100903
2100904
2100905
2100906
2100907
2100925
2100936
2100979
2100983
2100988
2101039
2101045
2101046
2101049
2101050
2101052
2101053
2101054
2101055
2101056
2101077
2101078
2101079
2101080
2101100
2101167
2101168
2101169
2101175
2101198
2101216
2101234
2101252
2101253
2101254
2101306
2101307
2101316
2101317
2101344
2101347
2101348
2101349
2101364
2101373
2101386
2101454
2101476
2101477
2101484
2101512
2101535
2101545
2101576
2101577
2101582
2101583
2101585
2101586
2101588
2101592
2101594
2101598
2101605
2101621
2101671
2101674
2101675
2101676
2101677
2101678
2101679
2101680
2101681
2101682
2101683
2101684
2101685
2101686
2101687
2101688
2101689
2101690
2101691
2101692
2101698
2101699
2101700
2101701
2101845
2101846
2101851
2101852
2101853
2101854
2101901
2101923
2101924
2101926
2101930
2101931
2101954
2102004
2102005
2102070
2102087
2102123
2102124
2102131
2102185
2102556
2102582
2102629
2102643
2102644
2102687
2102688
2102689
2102744
2102745
2102746
2102747
2102777
2102920
2102936
2102987
2102988
2102989
2102999
2103000
2103001
2103314
2103316
2103468
2103479
2103606
2103616
2103617
2103766
2103772
2103775
2103776
2103882
2103923
2103924
2103925
2103926
2103927
2103928
2103978
2103979
2103980
2103981
2104022
2104024
2104027
2104030
2104121
2104122
2104129
2104145
2104146
2104154
2104226
2104295
2104297
2104357
2104358
2104359
2104360
2104361
2104362
2104363
2104394
2104395
2104422
2104426
2104432
2104445
2104467
2104666
2104676
2104688
2104743
2104754
2104964
2105200
2105341
2105345
2105357
2105377
2105390
2105400
2105401
2105403
2105404
2105405
2105407
2105408
2105417
2105418
2105419
2105425
2105428
2105432
2105434
2105549
2105552
2105593
2105634
2105681
2105682
2105685
2105790
2105791
2105959
2106011
2106065
2106070
2106117
2106179
2106196
2106207
2106209
2106210
2106214
2106243
2106268
2106269
2106270
2106286
2106290
2106293
2106355
2106371
2106372
2106382
2106386
2106409
2106411
2106422
2106424
2106431
2106433
2106435
2106436
2106441
2106443
2106453
2106454
2106479
2106493
2106508
2106509
2106518
2106522
2106523
2106525
2106535
2106564
2106565
2106566
2106575
2106576
2106583
2106603
2106611
2106625
2106626
2106660
2106662
2106663
2106672
2106680
2106682
2106705
2106715
2106723
2106725
2106732
2106754
2106773
2106776
2106826
2106828
2106838
2106845
2106874
2106875
2106877
2106880
2106881
2106886
2106889
2106901
2106904
2106905
2106914
2106921
2106941
2106964
2106965
2106974
2106976
2106981
2106982
2106991
2106994
2106995
2107003
2107005
2107023
2107024
2107025
2107027
2107033
2107047
2107053
2107054
2107059
2107061
2107063
2107065
2107084
2107085
2107086
2107087
2107088
2107089
2107090
2107101
2107115
2107118
2107133
2107151
2107152
2107200
2107235
2107242
2107248
2107249
2107257
2107264
2107265
2107266
2107311
2107312
2107353
2107358
2107366
2107370
2107371
2107375
2107378
2107403
2107438
2107470
2107479
2107521
2107637
2107994
2108027
2108043
2108047
2108048
2108157
2108245
2108248
2108249
2108250
2108450
2108451
2108452
2108453
2108454
2108455
2108456
2108612
2108646
2108679
2200261
2200403
2200581
2200582
2200587
2201242
2201244
2201245
2201257
2201637
2201756
2201757
2201763
2201767
2201770
2201773
2201833
2202041
2202291
2202307
2202312
2203239
2204580
2204581
2204977
2206022
2206576
2206577
2207919
2208746
2208889
2209033
2209159
2210102
2210987
2211649
2212013
2213151
2214424
2214637
2216715
2217426
2217729
2217964
2218528
2218559
2218561
2218562
2220019
2220939
2222142
2222487
2222568
2222913
2223288
2223617
2224558
2226327
2227193
2228589
2229871
2230171
2230307
2233976
2234516
2234838
2236683
2236685
2236697
2237244
2237725
2238816
2238958
2239659
2239660
2240649
2240655
2240656
2240857
2240858
2240887
2241059
2241524
2241525
2241733
2241822
2242045
2242257
2242784
2243688
2243690
2300099
2300112
2300113
2300114
2300115
2300116
2300117
2300161
2300162
2300163
2300203
2300211
2300249
2300251
2300254
2300278
2300296
2300365
2300370
2300375
2300379
2300391
2300442
2300448
2300450
2300459
2300460
2300504
2300531
2300535
2300536
2300542
2300544
2300612
2300614
2300616
2300640
2300641
2300642
2300643
2300644
2300645
2300665
2300666
2300667
2300668
2300669
2310009
2310011
2310018
2310065
2310069
2310088
2310091
2310093
2310094
2310095
2310096
2310105
2310110
2310111
2310328
2310329
2310330
2310331
2310332
2310344
2310373
2310376
2310386
2310391
2310392
2310399
2310400
2310401
2310407
2310433
2310434
2310435
2310436
2310454
2310461
2310464
2310470
2310471
2310475
2310485
2310486
2310492
2310493
2310499
2310508
2310515
2310519
2310560
2310581
2310593
2310616
2310617
2310618
2310619
2310622
2310631
2310633
2310640
2310653
2310656
2310662
2310674
2310675
2310687
2310690
2310701
2310710
2310716
2310718
2310725
2310732
2310755
2310800
2310803
2310811
2310821
2310850
2310858
2310872
2310924
2310937
2310966
2310968
2310969
2310979
2311012
2311019
2311020
2311026
2311029
2311032
2311040
2311041
2311071
2311077
2311078
2311093
2311689
2311704
2311711
2311776
2311777
2311778
2311779
2311780
2311781
2311782
2311783
2311946
2311977
3000098
3000100
3000101
3000107
3000112
3000113
3000121
3000122
3500014
3500065
4000156
4000163
4000211
4000265
4000266
4000272
4000398
4000400
4000402
4000425
4000477
4000503
4000576
4000577
4000583
4000617
4000618
4000624
4000724
4000748
4000749
4000750
4000790
4000806
4000807
4000808
4000809
4000920
4000937
4000938
4000949
4000951
4000957
4000958
4000962
4001027
4001063
4001074
4001103
4001112
4001115
4001188
4001189
4001207
4001209
4001236
4001283
4001302
4001303
4001306
4001307
4001309
4001311
4001314
4001331
4001332
4001365
4001367
4001598
4001605
4001606
4001607
4001718
4001737
4001738
4001739
4001740
4001741
4001742
4001743
4001744
4001745
4001746
4001748
4001749
4001752
4001753
4001780
4001797
4001798
4001799
4001860
4001896
4001898
4001934
4001940
4002084
4002087
4002088
4002219
4002223
4002224
4002228
4002229
4002257
4002259
4002303
4002304
4002305
4002323
4002326
4002327
4002329
4002342
4002363
4002364
4002365
4002367
4002376
4002377
4002383
4002392
4002418
4002431
4002432
4002433
4002434
4002435
4002437
4002438
4002439
4002440
4002442
4002451
4002470
4002472
4002473
4002474
4002475
4002476
4002496
4002498
4002505
4002506
4002507
4002545
4002546
4002577
4002580
4002584
4002659
4002759
4002761
4002829
4002866
4002886
4002887
4002888
4003352
4003431
4003456
4003574
4003580
4003581
4003582
4003583
4003695
4003867
4003899
4003900
4003948
4004042
4027813
4027815
4030179
4030193
4030195
4030246
4030273
4030279
4030520
4030521
4030606
4030607
4030644
4030758
4030824
4030876
4030878
4030881
4030894
4030913
4030940
4031199
4031204
4031221
4031222
4031262
4031263
4031264
4031429
4031430
4031453
4031479
4031495
4031509
4031513
4031514
4031522
4031530
4031531
4031660
4031663
4031807
4100432
4101345
4101528
4102355
4102404
4102405
4102563
4102581
4102582
4102583
4102584
4102585
4103012
4103444
4104100
4105217
4105629
4105682
4105685
4106273
4106274
4106275
4106477
4107896
4108240
4108241
4110502
4110715
4111935
4111968
4112881
4112882
4113631
4113634
4113635
4113918
4113920
4113922
4113924
4113926
4113929
4113932
4113934
4113937
4113939
4114080
4114850
4115016
4115315
4115316
4115456
4115457
4115458
4115571
4115580
4115581
4117378
4117966
4118265
4118392
4119078
4119149
4119596
4120491
4121513
4121514
4121515
4122825
4123959
4123966
4123969
4123973
4124001
4124002
4124003
4124004
4124108
4124111
4124115
4124117
4124118
4124128
4124489
4124497
4124498
4124511
4124513
4124531
4124613
4124614
4124631
4124638
4124644
4124645
4124646
4124649
4124663
4124666
4124667
4124668
4124669
4124679
4124685
4124688
4124690
4124694
4124775
4124781
4124782
4124783
4124784
4124842
4124844
4124850
4124852
4124853
4124854
4124855
4124856
4124857
4124858
4124859
4124860
4124861
4124862
4124863
4124864
4124865
4124868
4124869
4126811
4126812
4126815
4126816
4126818
4126820
4126821
4126822
4127112
4127113
4127115
4128441
4129048
4134337
4300900
4300901
4300902
4303011
4303012
4303013
4303014
4303015
4303016
4303862
4303938
4303941
4303944
4304121
4304854
4304855
4304856
4304857
4305090
4305091
4305862
4306193
4306194
4306484
4306485
4307161
4307162
4307582
4307583
4307584
4307585
4307587
4307588
4307923
4308062
4308063
4308075
4308659
4308901
4309483
4309484
4309485
4309645
4309915
4310360
4311254
4311895
4312132
4312142
4312143
4312144
4312145
4312301
4313192
4313193
4313200
4313204
4313208
4313212
4313215
4313344
4314232
4314864
4315137
4315184
4316074
4316109
4316137
4316138
4316187
4316188
4316189
4316549
4317120
4317121
4317122
4317123
4317124
4317377
4317378
4318001
4318002
4318003
4318004
4318005
4318006
4318007
4318008
4318034
4318188
4318349
4318781
4318934
4318935
4318936
4318937
4319054
4320487
4320490
4320493
4320496
4320499
4320502
4320505
4320508
4322249
4324555
4324556
4324557
4324613
4324644
4324795
4325543
4326211
4326212
4326584
4326666
4326667
4326924
4327801
4328032
4328646
4328647
4328648
4328649
4328719
4328859
4329321
4329323
4329325
4329524
4329525
4329526
4329527
4329528
4329780
4330030
4330682
4331323
4331324
4331325
4331326
4331327
4331328
4331329
4331330
4331398
4331399
4331426
4331429
4331435
4331436
4331449
4331450
4332086
4332364
4332875
4332876
4332889
4333403
4333753
4333754
4334085
4334297
4334350
4334355
4334533
4334598
4334950
4334972
4335608
4336051
4336319
4336389
4336390
4336391
4336422
4336635
4336636
4336697
4336891
4336892
4336922
4336923
4336924
4336925
4336926
4336927
4336928
4336929
4336930
4336931
4336932
4336933
4336934
4337057
4337281
4337282
4337664
4337665
4337666
4337785
4337786
4337787
4337807
4338443
4338444
4338746
4339333
4339334
4340355
4340964
4341676
4341856
4341857
4342352
4342855
4342856
4342857
4343161
4343231
4343240
4343241
4343628
4343629
4343688
4343742
4343770
4343785
4343793
4343855
4343856
4343857
4343858
4343859
4343860
4343862
4343878
4343881
4343900
4343904
4343934
4344008
4344009
4344074
4344194
4344503
4344573
4344574
4344575
4344913
4345400
4345401
4345595
4345610
4348978
4349705
4350016
4350776
4350777
4350778
4350779
4350780
4350781
4501292
4501808
4501809
4501810
4502270
4503203
4505086
4505482
4508623
4510525
4510526
4510527
4511446
4511447
4511448
4511449
4511450
4511451
4511452
4511453
4511454
4511455
4511456
4511457
4512563
4512666
4512914
4512915
4512917
4512918
4513623
4515175
4517837
4517922
4517932
4518656
4518658
4518663
5000035
5000092
5000099
5000120
5000223
5000224
5000232
5910000
5910005
5910011
5910012
5910018
5910019
5910020
5910028
5910030
5910031
5910036
5910037
5910060
5910062
5910063
5910064
5910068
5910069
5910071
5910082
5910089
5910090
5910092
5910093
5910103
5910104
5910113
5910122
5910124
5910130
5910131
5910136
5910138
5910139
5910140
5910142
5910147
5910148
5910149
5910153
5910155
5910178
5910293
5910325
5910327
5910329
5910343
6000027
6000028
6000035
6000052
6000177
6000178
6000235
6000290
6000291
6000408
6000527
6000605
6000684
7001418
7003489
7018841
7019645
7019646
7019647
7019805
7021867
7022025
7022026
7023085
7023087
7023088
7025365
7025366
7025367
7025368
7025369
7028672
7030805
7031260
7033080
7033424
7033691
7033692
7033693
7033694
7034013
7034014
7034015
7036010
7036112
7036118
7036337
7036441
7036442
7036573
7036829
7036878
7036923
7038905
7039788
7039792
7041263
7042398
7042399
7044319
7045446
7046922
7047315
7049343
7053979
7054112
7054113
7054114
7054438
7055225
7055226
7056078
7057441
7057442
7057443
7057444
7058371
7058492
7060355
7060356
7060761
7100941
7100942
7101266
7102429
7102430
7103014
7106136
7108304
7108305
7108306
7108307
7108308
7108309
7108310
7108311
7108312
7108313
7108314
7109246
7109247
7109248
7109278
7117503
7117504
7117771
7117794
7117898
7117899
7118239
7118391
7122500
7122502
7122503
7122816
7122920
7126564
7126895
7200686
7200689
7202515
7202573
7202574
7202575
7202579
7203512
7204340
7204531
7204553
7205001
7205565
7205917
7206075
7206470
7206886
7207302
7208231
7208618
7208619
7208620
7208643
7209316
7209332
7209349
7209357
7209374
7209378
7209379
7209402
7209407
7209410
7209440
7209443
7209446
7209447
7209449
7209450
7209451
7209452
7209453
7209454
7209462
7209467
7209469
7209470
7209472
7209473
7209482
7209483
7209484
7209486
7209487
7209488
7209489
7209490
7209491
7209493
7209495
7209496
7209497
7209499
7209500
7209501
7209502
7209503
7209504
7209847
7209918
7210231
7212095
7212104
7212163
7212164
7212242
7212245
7213712
7214192
7214193
7214194
7214195
7214196
7214197
7214198
7214199
7214200
7214201
7214205
7214428
7215447
7216467
7216553
7216554
7216759
7217887
7219229
7220451
7220560
7221012
7221013
7221038
7221039
7221065
7221066
7221077
7221082
7221083
7221085
7221096
7221097
7221173
7221278
7221279
7221280
7221281
7221292
7221317
7221399
7221400
7221401
7221402
7221403
7221404
7221405
7221406
7221491
7222163
7222180
7222190
7222203
7222217
7222222
7222231
7222296
7222332
7222333
7222334
7222342
7222449
7222534
7222547
7222589
7222591
7222593
7222595
7222597
7222600
7222603
7222606
7222609
7222611
7222631
7222666
7222847
7222955
7222956
7223242
7223243
7223245
7223689
7223690
7223691
7223713
7223714
7223829
7224138
7224240
7224241
7224242
7224243
7227916
7228110
7228251
7228252
7228418
7228628
7229416
7230067
7231584
7233702
7234030
7237332
7242019
7242663
7244306
7244568
7244569
7244570
7700108
7700109
7700266
7701445
7703351
7703362
7703366
7704453
7704454
7704458
7704459
7704460
7704461
7704462
7704463
7704464
7704465
7704466
7704467
7704468
7704469
7704470
7704820
7704821
7704822
7704953
7704954
7704955
7705346
7705398
7705399
7705400
7705960
7706245
7707607
7707608
7707609
7707798
7707929
7707930
7707931
7707932
7708179
7709140
7709554
8100225
8100227
8100358
8100499
8100514
8100589
8100597
8100892
8100905
8100906
8100911
8100988
8101055
8101135
8101136
8101224
8101227
8101299
8101509
8101510
8101617
8101619
8101653
8102929
8103012
8103032
8103036
8103050
8103397
8103400
8103406
8103409
8103441
8103443
8103453
8103454
8103459
8103469
8103475
8103484
8103496
8103497
8103498
8103513
8103514
8103530
8103532
8103533
8103554
8103555
8103556
8103557
8103583
8103584
8103593
8103600
8103607
8103612
8103614
8103638
8103639
8103645
8103651
8103667
8103676
8103677
8103678
8103679
8103680
8103681
8103682
8103683
8103691
8103706
8103718
8103726
8103738
8103739
8103744
8103786
8103788
8103801
8103802
8103803
8103804
8103805
8103806
8103807
8103808
8103812
8103815
8103816
8103833
8103862
8103941
8104065
8104066
8104161
8104164
8104194
8104244
8104247
8104259
8104260
8104264
8104269
8104273
8104302
8104306
8104307
8104322
8104340
8104354
8104360
8104375
8104435
8104491
8104506
8104511
9000015
9000027
9000069
9000071
9000080
9000081
9000082
9000091
9000092
9000110
9000120
9000131
9000135
9000138
9000139
9000143
9000152
9000160
9000191
9000194
9000199
9000202
9000207
9000218
9000223
9000224
9000230
9000231
9000236
9000239
9000261
9000262
9000269
9000271
9000272
9000273
9000274
9000275
9000277
9000285
9000290
9000319
9000327
9000331
9000336
9000342
9000346
9000350
9000367
9000386
9000392
9000393
9000418
9000435
9000439
9000453
9000457
9000461
9000469
9000476
9000484
9000489
9000490
9000491
9000499
9000501
9000502
9000505
9000509
9000520
9000532
9000535
9000549
9000555
9000556
9000559
9000603
9000617
9000622
9000626
9000630
9000672
9000684
9000710
9000715
9000720
9000724
9000728
9000735
9000775
9000797
9000802
9000803
9000817
9000818
9000822
9000828
9000851
9000852
9000877
9000878
9000890
9000904
9000906
9000907
9000908
9000909
9000910
9000911
9000912
9000913
9000914
9000915
9000919
9000920
9000921
9000922
9000923
9000924
9000925
9000926
9000935
9000939
9000956
9000957
9000958
9000963
9001000
9001002
9001018
9001042
9001049
9001051
9001052
9001053
9001069
9001074
9001075
9001076
9001084
9001087
9001088
9001096
9001102
9001106
9001110
9001111
9001112
9001135
9001136
9001167
9001171
9001184
9001237
9001257
9001258
9001259
9001260
9001261
9001276
9001284
9001301
9001302
9001303
9001307
9001310
9001318
9001323
9001324
9001325
9001326
9001327
9001328
9001329
9001330
9001379
9001401
9001427
9001431
9001519
9001526
9001532
9001565
9001573
9001578
9001593
9001627
9001629
9001630
9001631
9001681
9001682
9001683
9001685
9001715
9001717
9001721
9001736
9001777
9001794
9001805
9001818
9001831
9001836
9001841
9001842
9001843
9001844
9001845
9001846
9001855
9001856
9001857
9001868
9001871
9001874
9001902
9001948
9001950
9001951
9001963
9002039
9002146
9002147
9002179
9002181
9002250
9002252
9002316
9002332
9002333
9002355
9002378
9002379
9002384
9002389
9002425
9002480
9002485
9002486
9002500
9002536
9002541
9002554
9002555
9002556
9002557
9002558
9002559
9002560
9002561
9002562
9002583
9002648
9002663
9002681
9002682
9002683
9002691
9002692
9002693
9002782
9002801
9002806
9002892
9003043
9003044
9003066
9003069
9003070
9003071
9003102
9003336
9003382
9003383
9003384
9003385
9003386
9003387
9003388
9003389
9003390
9003391
9003392
9003393
9003394
9003395
9003396
9003397
9003398
9003399
9003400
9003401
9003402
9003403
9003404
9003405
9003406
9003407
9003408
9003409
9003410
9003411
9003412
9003413
9003414
9003415
9003416
9003417
9003418
9003419
9003420
9003421
9003422
9003425
9003426
9003427
9003428
9003429
9003430
9003431
9003432
9003433
9003434
9003435
9003436
9003437
9003456
9003475
9003476
9003570
9003571
9003572
9003674
9003675
9003676
9003678
9003679
9003680
9003681
9003682
9003683
9003684
9003685
9003686
9003687
9003688
9003690
9003691
9003703
9003749
9003753
9003758
9003762
9003985
9003990
9004005
9004058
9004059
9004062
9004115
9004117
9004137
9004138
9004139
9004140
9004141
9004142
9004143
9004144
9004165
9004178
9004180
9004192
9004194
9004208
9004254
9004344
9004355
9004390
9004427
9004553
9004599
9004616
9004620
9004621
9004622
9004670
9004672
9004673
9004684
9004685
9004744
9004784
9004835
9004836
9004863
9004864
9004905
9004908
9004919
9004980
9004990
9004991
9004992
9005017
9005115
9005126
9005127
9005222
9005232
9005269
9005270
9005333
9005438
9005439
9005513
9005518
9005564
9005622
9005757
9005767
9005769
9005775
9005776
9005777
9005778
9005789
9005796
9005801
9005807
9005812
9005817
9005822
9005827
9005828
9005829
9005830
9005831
9005832
9005836
9005846
9005852
9005853
9005854
9005855
9005857
9005861
9005866
9005869
9005870
9005881
9005883
9005887
9005896
9005901
9005902
9005921
9005922
9005946
9005947
9005950
9006108
9006109
9006116
9006152
9006172
9006180
9006181
9006182
9006183
9006184
9006185
9006186
9006187
9006188
9006189
9006190
9006191
9006192
9006193
9006194
9006195
9006196
9006197
9006198
9006199
9006200
9006201
9006202
9006203
9006204
9006205
9006206
9006207
9006208
9006209
9006210
9006211
9006212
9006213
9006214
9006215
9006216
9006217
9006218
9006219
9006220
9006221
9006222
9006223
9006224
9006225
9006226
9006227
9006228
9006229
9006230
9006231
9006232
9006233
9006234
9006235
9006236
9006237
9006238
9006239
9006240
9006241
9006242
9006243
9006244
9006245
9006246
9006247
9006248
9006249
9006250
9006251
9006252
9006253
9006254
9006255
9006256
9006257
9006258
9006259
9006260
9006261
9006262
9006263
9006264
9006265
9006266
9006267
9006268
9006269
9006270
9006272
9006276
9006284
9006285
9006286
9006287
9006288
9006289
9006290
9006291
9006292
9006293
9006294
9006295
9006296
9006297
9006298
9006299
9006300
9006301
9006302
9006303
9006304
9006305
9006306
9006307
9006318
9006334
9006335
9006337
9006345
9006390
9006398
9006422
9006448
9006455
9006456
9006525
9006541
9006542
9006556
9006568
9006580
9006585
9006639
9006640
9006641
9006648
9006651
9006658
9006659
9006671
9006672
9006684
9006685
9006694
9006712
9006731
9006747
9006768
9006784
9006785
9006795
9006796
9006806
9006807
9006849
9006864
9006893
9006910
9006914
9006920
9006926
9006935
9006936
9006937
9006938
9006971
9007016
9007017
9007058
9007072
9007149
9007150
9007161
9007162
9007310
9007311
9007325
9007339
9007372
9007377
9007378
9007381
9007382
9007383
9007384
9007389
9007390
9007432
9007435
9007445
9007446
9007448
9007477
9007485
9007486
9007488
9007496
9007497
9007498
9007520
9007526
9007530
9007531
9007532
9007533
9007540
9007541
9007542
9007543
9007570
9007585
9007595
9007599
9007600
9007601
9007606
9007607
9007617
9007624
9007625
9007627
9007634
9007644
9007673
9007693
9007697
9007698
9007701
9007706
9007710
9007714
9007719
9007733
9007740
9007747
9007750
9007751
9007785
9007787
9007803
9007807
9007812
9007824
9007831
9007842
9007843
9007890
9007892
9007899
9007904
9007905
9007909
9007922
9007924
9007927
9007935
9007937
9007943
9007948
9007952
9007956
9007957
9007963
9007980
9007981
9007984
9007986
9007988
9007993
9007995
9007996
9008010
9008035
9008036
9008037
9008077
9008081
9008082
9008083
9008084
9008086
9008090
9008095
9008105
9008110
9008111
9008120
9008121
9008124
9008136
9008141
9008144
9008151
9008154
9008156
9008164
9008168
9008169
9008170
9008171
9008172
9008173
9008176
9008177
9008180
9008182
9008187
9008188
9008189
9008192
9008193
9008213
9008224
9008225
9008251
9008261
9008271
9008275
9008276
9008279
9008280
9008286
9008304
9008313
9008412
9008437
9008438
9008439
9008440
9008441
9008442
9008443
9008444
9008451
9008452
9008457
9008599
9008605
9008609
9008618
9008633
9008636
9008671
9008674
9008684
9008693
9008717
9008727
9008732
9008749
9008758
9008766
9008772
9008779
9008782
9008861
9008877
9008955
9008956
9008960
9008961
9008962
9008987
9008988
9008989
9008990
9008991
9008998
9009008
9009009
9009016
9009025
9009026
9009031
9009036
9009045
9009046
9009049
9009051
9009055
9009059
9009063
9009067
9009080
9009081
9009082
9009083
9009086
9009087
9009089
9009090
9009091
9009092
9009093
9009127
9009222
9009238
9009270
9009303
9009314
9009324
9009357
9009404
9009412
9009429
9009430
9009431
9009434
9009437
9009443
9009466
9009520
9009528
9009534
9009535
9009538
9009556
9009616
9009626
9009627
9009632
9009665
9009666
9009669
9009670
9009671
9009678
9009686
9009701
9009710
9009725
9009746
9009749
9009751
9009752
9009753
9009760
9009761
9009762
9009763
9009764
9009766
9009768
9009782
9009783
9009793
9009795
9009811
9009812
9009813
9009827
9009880
9009881
9009885
9009919
9009937
9009943
9009944
9009945
9009946
9009947
9009976
9010021
9010022
9010047
9010061
9010068
9010072
9010094
9010095
9010143
9010144
9010145
9010146
9010162
9010186
9010234
9010260
9010293
9010323
9010326
9010332
9010357
9010358
9010361
9010373
9010401
9010402
9010405
9010414
9010466
9010468
9010470
9010481
9010486
9010487
9010502
9010587
9010609
9010721
9010722
9010855
9010860
9010874
9010875
9010876
9010912
9010927
9010939
9010961
9010973
9011015
9011016
9011049
9011071
9011085
9011090
9011104
9011105
9011106
9011107
9011137
9011138
9011142
9011146
9011180
9011181
9011182
9011183
9011184
9011185
9011189
9011192
9011216
9011217
9011222
9011233
9011241
9011261
9011376
9011381
9011382
9011383
9011409
9011410
9011411
9011412
9011413
9011435
9011436
9011448
9011449
9011450
9011451
9011452
9011472
9011480
9011493
9011533
9011552
9011553
9011554
9011579
9011587
9011588
9011659
9011662
9011773
9011774
9011787
9011834
9011848
9011853
9011890
9011891
9011894
9011907
9011913
9011923
9011925
9012049
9012051
9012052
9012055
9012056
9012059
9012060
9012070
9012093
9012094
9012124
9012127
9012128
9012133
9012140
9012189
9012190
9012205
9012206
9012220
9012221
9012222
9012223
9012255
9012287
9012329
9012330
9012331
9012337
9012338
9012356
9012372
9012440
9012441
9012445
9012497
9012530
9012587
9012600
9012681
9012687
9012691
9012697
9012700
9012701
9012741
9012778
9012779
9012788
9012789
9012790
9012791
9012792
9012793
9012794
9012818
9012832
9012842
9012847
9012848
9012849
9012859
9012890
9012902
9013066
9013093
9013147
9013163
9013272
9013321
9013383
9013388
9013393
9013413
9013458
9013469
9013470
9013491
9013518
9013529
9013607
9013617
9013639
9013642
9013658
9013659
9013660
9013789
9013814
9013815
9013816
9013864
9013865
9013866
9013867
9013868
9013890
9013894
9013902
9013903
9013907
9013908
9013912
9013913
9013917
9013959
9013960
9013961
9013975
9014016
9014025
9014036
9014038
9014045
9014048
9014052
9014057
9014067
9014074
9014081
9014097
9014103
9014112
9014117
9014118
9014119
9014120
9014140
9014162
9014166
9014175
9014179
9014189
9014191
9014203
9014224
9014230
9014235
9014243
9014261
9014264
9014267
9014269
9014273
9014282
9014297
9014319
9014320
9014327
9014346
9014348
9014359
9014362
9014363
9014364
9014369
9014371
9014384
9014388
9014399
9014411
9014425
9014432
9014436
9014443
9014447
9014448
9014463
9014466
9014471
9014475
9014478
9014483
9014486
9014492
9014501
9014512
9014518
9014535
9014537
9014580
9014594
9014595
9014625
9014627
9014630
9014631
9014635
9014645
9014652
9014668
9014669
9014672
9014684
9014695
9014699
9014739
9014743
9014756
9014764
9014765
9014774
9014785
9014809
9014810
9014824
9014830
9014832
9014846
9014850
9014858
9014860
9014863
9014880
9014886
9014892
9014893
9014894
9014898
9014910
9014921
9014925
9014931
9014934
9014940
9014953
9014956
9014983
9014985
9014987
9014995
9015000
9015008
9015023
9015032
9015046
9015050
9015054
9015059
9015065
9015070
9015087
9015125
9015127
9015139
9015150
9015157
9015158
9015181
9015185
9015191
9015194
9015214
9015236
9015255
9015274
9015285
9015299
9015309
9015341
9015355
9015363
9015365
9015392
9015393
9015396
9015401
9015404
9015421
9015442
9015454
9015480
9015502
9015503
9015536
9015552
9015568
9015569
9015591
9015610
9015616
9015620
9015651
9015653
9015658
9015662
9015674
9015692
9015694
9015700
9015714
9015715
9015720
9015771
9015778
9015790
9015791
9015803
9015805
9015809
9015815
9015822
9015841
9015847
9015849
9015858
9015870
9015887
9015918
9015923
9015924
9015926
9015929
9015950
9015964
9015975
9015977
9015978
9015979
9015992
9016013
9016028
9016041
9016044
9016047
9016052
9016057
9016067
9016084
9016099
9016100
9016105
9016110
9016112
9016115
9016129
9016137
9016138
9016139
9016152
9016153
9016155
9016156
9016173
9016189
9016194
9016202
9016213
9016221
9016225
9016233
9016247
9016248
9016249
9016257
9016265
9016270
9016271
9016297
9016326
9016327
9016367
9016385
9016400
9016403
9016408
9016409
9016426
9016427
9016430
9016433
9016450
9016457
9016467
9016471
9016484
9016492
9016524
9016530
9016535
9016553
9016558
9016563
9016567
9016570
9016574
9016596
9016598
9016609
9016619
9016624
9016628
9016638
9016658
9016667
9016670
9016673
9016679
9016689
9016690
9016694
9016702
9016710
9016714
9016728
finish save fig
