
If you use the ChemEnv tool for your research, please consider citing the following reference(s) :
==================================================================================================
David Waroquiers, Xavier Gonze, Gian-Marco Rignanese, Cathrin Welker-Nieuwoudt, Frank Rosowski,
Michael Goebel, Stephan Schenk, Peter Degelmann, Rute Andre, Robert Glaum, and Geoffroy Hautier,
"Statistical analysis of coordination environments in oxides",
Chem. Mater., 2017, 29 (19), pp 8346-8360,
DOI: 10.1021/acs.chemmater.7b02766

dirlist= 1078
1000043
1000076
1000082
1000085
1000088
1000089
1000090
1000092
1000098
1000103
1000104
1000105
1000106
1000107
1000110
1000122
1000125
1000126
1000127
1000129
1000130
1000131
1000135
1000146
1000147
1000149
1000150
1000151
1000152
1000153
1000154
1000157
1000158
1000159
1000160
1000161
1000162
1000164
1000165
1000166
1000167
1000168
1000175
1000176
1000177
1000184
1000185
1000186
1000198
1000201
1000204
1000205
1000207
1000208
1000209
1000210
1000211
1000212
1000213
1000214
1000216
1000217
1000219
1000220
1000221
1000222
1000226
1000228
1000232
1000236
1000237
1000238
1000239
1000243
1000244
1000245
1000246
1000248
1000249
1000257
1000258
1000259
1000260
1000261
1000269
1000272
1000278
1000288
1000289
1000295
1000296
1000297
1000300
1000305
1000306
1000325
1000329
1000338
1000340
1000348
1000360
1000363
1000370
1000376
1000398
1000407
1000408
1000409
1000410
1000411
1000417
1000419
1000420
1000421
1000422
1000424
1000425
1000439
1000453
1000454
1000455
1000456
1000457
1000467
1000468
1000476
1000479
1000490
1000491
1000492
1000496
1000497
1000498
1001038
1001843
1006039
1008000
1008004
1008034
1008055
1008065
1008068
1008087
1008149
1008150
1008151
1008156
1008182
1008211
1008212
1008213
1008237
1008245
1008246
1008268
1008349
1008380
1008381
1008527
1008528
1008650
1008701
1008751
1008794
1008795
1008834
1008837
1008866
1008916
1008938
1010042
1010049
1010050
1010094
1010101
1010134
1010158
1010159
1010205
1010206
1010285
1010286
1010395
1010414
1010415
1010416
1010417
1010418
1010451
1010462
1010465
1010580
1010607
1010655
1010923
1010932
1010934
1010947
1010976
1010978
1010983
1010984
1010985
1010986
1010990
1011068
1011141
1011282
1011296
1011350
1101116
1507761
1507762
1507763
1507764
1507767
1509181
1509182
1509203
1509209
1509210
1509211
1509275
1509276
1509284
1509285
1509316
1509317
1509318
1509319
1509320
1509321
1509322
1509323
1509325
1509326
1509328
1509332
1509333
1509334
1509798
1509800
1509801
1509959
1510004
1510115
1510135
1510138
1510139
1510140
1510141
1510144
1510145
1510146
1510149
1510359
1510360
1510369
1510372
1510373
1510401
1510402
1510403
1510404
1510405
1510406
1510407
1510408
1510409
1510495
1510498
1510554
1510556
1510558
1510559
1510560
1510561
1510562
1510563
1510564
1510681
1511120
1511123
1511124
1511126
1511127
1511369
1511646
1511692
1513881
1513882
1515134
1515376
1518055
1518056
1518068
1518171
1518172
1518173
1518174
1518221
1519023
1519032
1519034
1520823
1520825
1521027
1521764
1521771
1521854
1521900
1522029
1522258
1522260
1523455
1523805
1524558
1524799
1525222
1525278
1525279
1525280
1525281
1525283
1525284
1525286
1525475
1525538
1525539
1525545
1525672
1525673
1525699
1525713
1525725
1525808
1526229
1526236
1526421
1526708
1526758
1526760
1526766
1527076
1527097
1527098
1527099
1527113
1527173
1527191
1527271
1527293
1527466
1527467
1527502
1527503
1527518
1527519
1527520
1527528
1527530
1527533
1527534
1527535
1527538
1527539
1527540
1527541
1527542
1527543
1527773
1527836
1527894
1527921
1527946
1528168
1528224
1528263
1528264
1528265
1528266
1528300
1528301
1528377
1528381
1528562
1528563
1528581
1528582
1528583
1528727
1528732
1528861
1528916
1528938
1529059
1529060
1529267
1529333
1529334
1529483
1529575
1529578
1529579
1529580
1529643
1529650
1529651
1529657
1529658
1529659
1529660
1529684
1529789
1529817
1529839
1529840
1529904
1529905
1530005
1530035
1530081
1530090
1530106
1530107
1530112
1530188
1530196
1530203
1530254
1530372
1530560
1530593
1530594
1530674
1530889
1531101
1531403
1531406
1531409
1531412
1531415
1531435
1531438
1531490
1531492
1531499
1531503
1531504
1531505
1531506
1531507
1531509
1531511
1531513
1531560
1531931
1532030
1532033
1532182
1532184
1532187
1532193
1532199
1532247
1532263
1532266
1532268
1532271
1532319
1532322
1532444
1532738
1532774
1532778
1532945
1532947
1532949
1532953
1533036
1533057
1533109
1533167
1533290
1533455
1533536
1534087
1534088
1534089
1534090
1534091
1534092
1534148
1534151
1534152
1534153
1534154
1534155
1534190
1534219
1534283
1534284
1534285
1534286
1534287
1534288
1534289
1534335
1534367
1534492
1534502
1534505
1534509
1534557
1534671
1534684
1534687
1534718
1535062
1535064
1535142
1535197
1535261
1535389
1535571
1535574
1535589
1535657
1535796
1535801
1535938
1535945
1535949
1535967
1536149
1536224
1536228
1536232
1536286
1536334
1536344
1536380
1536444
1536496
1536502
1536505
1536506
1536527
1536530
1536533
1536536
1536585
1536602
1536605
1536607
1536610
1536613
1536617
1536722
1536792
1536813
1537223
1537398
1537399
1537400
1537401
1537402
1537403
1537404
1537417
1537418
1537422
1537423
1537424
1537431
1537432
1537433
1537435
1537436
1537437
1537438
1537452
1537511
1537548
1537577
1537696
1538046
1538324
1538488
1538553
1538713
1538918
1538919
1538920
1538922
1539079
1539280
1539366
1539456
1539460
1539464
1539466
1539545
1539548
1539611
1539612
1539645
1539647
1539700
1539704
1539927
1539954
1539955
1539956
1539957
1540079
1540088
1540113
1540114
1540115
1540117
1540256
1540258
1540846
1541250
1541452
1541454
1541456
1541546
1541580
1541581
1541627
1541846
1541847
1541878
1542035
1542071
1542224
1542238
1542247
1544381
1545514
1545568
1545625
1545629
1545777
1545872
1545878
1545896
1545999
1546000
1546018
1546030
1546071
1546376
1546377
1546378
1546379
1546498
1546948
1562485
1562486
1562977
1562978
1562979
2000343
2000486
2000863
2001086
2001129
2003882
2004075
2004076
2004077
2004078
2004079
2005698
2006096
2006461
2010891
2012071
2013037
2015122
2016268
2016695
2017527
2017572
2018874
2019609
2021000
2021787
2100002
2100003
2100635
2100638
2100641
2100644
2100647
2100650
2100653
2100656
2100659
2100984
2100985
2100986
2100987
2101024
2101133
2101135
2101382
2102562
2102652
2102653
2102654
2102655
2102656
2102657
2102658
2102659
2103614
2103615
2103956
2104455
2105406
2106022
2106036
2106080
2106237
2106263
2106279
2106280
2106284
2106292
2106427
2106459
2106473
2106474
2106494
2106543
2106746
2106747
2106785
2106786
2106787
2106788
2106809
2106810
2106848
2106849
2106850
2106851
2106862
2106894
2106927
2107056
2107060
2107206
2107296
2107297
2107298
2107299
2107300
2107330
2107349
2107419
2108041
2108653
2108654
2108655
2201765
2202038
2216659
2216660
2224053
2224054
2226008
2234445
2239415
2240755
2241796
2300449
2300484
2310345
2310346
2310359
2310361
2310402
2310428
2310432
2310441
2310474
2310491
2310524
2310528
2310597
2310598
2310599
2310600
2310601
2310706
2310717
2310863
2310962
2311021
2311030
2311072
2311073
3000041
3000042
3500043
3500046
3500049
3500051
3500058
4000811
4027806
4030184
4030185
4030247
4030265
4030277
4030278
4030341
4030430
4030431
4030437
4030438
4030439
4030440
4030441
4030442
4030443
4030444
4030478
4030487
4030489
4030502
4030525
4030528
4030619
4030623
4030699
4030735
4030836
4030844
4030867
4030890
4030906
4031216
4031244
4031420
4031639
4032447
4103703
4103704
4103705
4119063
4123956
4124105
4124106
4124120
4124121
4124653
4124659
4124682
4124689
4124692
4124705
4127282
4128524
4128525
4128526
4128527
4128528
4303319
4306125
4308740
4319839
4322836
4326941
4326942
4326943
4326944
4326945
4328355
4331391
4331395
4331396
4331397
4331408
4331414
4331423
4331655
4331657
4336587
4338514
4341415
4342340
4343096
4343400
4343680
4343703
4343704
4343725
4343804
4343819
4343820
4343834
4343835
4343837
4344179
4344341
4344378
4344485
4344527
4344528
4517758
4517761
5000222
5910032
5910042
5910077
5910266
5910280
5910306
5910308
5910312
5910332
6000427
6000428
6000429
7004700
7004701
7020652
7020653
7020654
7020655
7020656
7020657
7020658
7043525
7048254
7200989
7200990
7218382
7221042
7221214
7221224
7221242
7222801
7222802
7222943
7222944
7222978
7228193
7228194
7228636
7228637
7228638
7230297
7230298
7231867
7704051
7704052
7704053
7704054
7704055
7704056
7704057
7704058
7708735
8100295
8100806
8100893
8101456
8103404
8103456
8103503
8103539
8103552
8103553
8103577
8103712
8103869
8104200
9000215
9001612
9001614
9002898
9004097
9006157
9006349
9006363
9006955
9006956
9006966
9007060
9007434
9007457
9007458
9007507
9007508
9007534
9007535
9007536
9007537
9007538
9007539
9007938
9007945
9008114
9008598
9008621
9008652
9008667
9008679
9008708
9008843
9008977
9009004
9009005
9009006
9009013
9009017
9009027
9009037
9009043
9009073
9009074
9009075
9009076
9009077
9009078
9009079
9009094
9009095
9009197
9009341
9009595
9009786
9009994
9010636
9010665
9010943
9010944
9011058
9011159
9011160
9011250
9011257
9011290
9011291
9011292
9011385
9012106
9012139
9012177
9012179
9012181
9012183
9012254
9012279
9012280
9012281
9012284
9012332
9012411
9012413
9012414
9012618
9012619
9013155
9013438
9014557
9015424
9015789
9016386
9016413
finish save fig
