./1001238.cif
./1001239.cif
./1001240.cif
./1001241.cif
./1001242.cif
./1001243.cif
./1001244.cif
./1001245.cif
./1001246.cif
./1001247.cif
./1001248.cif
./1001249.cif
./1004015.cif
./1005001.cif
./1005002.cif
./1005005.cif
./1005006.cif
        skip non-stoichiometic  1005011.cif
./1005013.cif
./1005019.cif
./1005020.cif
./1005021.cif
./1005027.cif
./1005028.cif
./1005031.cif
./1005032.cif
./1005035.cif
./1005038.cif
./1005039.cif
./1005040.cif
        skip non-stoichiometic  1005041.cif
./1005042.cif
./1005045.cif
        skip non-stoichiometic  1005047.cif
        skip non-stoichiometic  1005048.cif
        skip non-stoichiometic  1005049.cif
./1005050.cif
        skip non-stoichiometic  1005051.cif
./1005052.cif
./1005057.cif
./1005058.cif
        skip non-stoichiometic  1008015.cif
./1008016.cif
        skip non-stoichiometic  1008017.cif
        skip non-stoichiometic  1008303.cif
./1008529.cif
./1008530.cif
./1008531.cif
        skip non-stoichiometic  1008548.cif
        skip non-stoichiometic  1008549.cif
        skip non-stoichiometic  1008550.cif
        skip non-stoichiometic  1008551.cif
./1008557.cif
./1008558.cif
./1008559.cif
./1008560.cif
./1008600.cif
./1008601.cif
        skip non-stoichiometic  1008875.cif
./1008956.cif
        skip non-stoichiometic  1008957.cif
./1008958.cif
./1008959.cif
        skip non-stoichiometic  1009020.cif
        skip non-stoichiometic  1009021.cif
./1009040.cif
./1009044.cif
./1009045.cif
./1009046.cif
        skip non-stoichiometic  1009047.cif
./1009048.cif
        skip non-stoichiometic  1009049.cif
./1009050.cif
./1009051.cif
./1009056.cif
./1009074.cif
./1010040.cif
./1010088.cif
./1010089.cif
./1010167.cif
./1010168.cif
./1010169.cif
./1010308.cif
./1010330.cif
./1010331.cif
./1010391.cif
./1010392.cif
        skip non-stoichiometic  1010510.cif
./1010514.cif
./1010602.cif
./1010974.cif
./1011099.cif
        skip non-stoichiometic  1011100.cif
./1011101.cif
./1011102.cif
./1011216.cif
./1011217.cif
./1011316.cif
./1011317.cif
./1011318.cif
./1011319.cif
./1011361.cif
./1100029.cif
./1100030.cif
./1100031.cif
        skip non-stoichiometic  1100032.cif
./1100034.cif
./1100037.cif
        skip non-stoichiometic  1100041.cif
./1101041.cif
./1101043.cif
./1101045.cif
./1101046.cif
        skip non-stoichiometic  1101047.cif
./1101081.cif
./1509463.cif
./1509634.cif
./1509981.cif
./1510065.cif
./1510068.cif
./1510242.cif
./1510243.cif
./1510704.cif
./1510742.cif
./1510743.cif
./1510744.cif
        skip non-stoichiometic  1510769.cif
./1510926.cif
./1510937.cif
./1510978.cif
./1510979.cif
./1510980.cif
./1511018.cif
./1511024.cif
        skip non-stoichiometic  1511142.cif
./1511203.cif
./1511227.cif
./1511235.cif
./1511241.cif
        skip non-stoichiometic  1511242.cif
./1511244.cif
./1511245.cif
./1511246.cif
        skip non-stoichiometic  1511258.cif
        skip non-stoichiometic  1511345.cif
./1511423.cif
./1511471.cif
        skip non-stoichiometic  1511565.cif
        skip non-stoichiometic  1511572.cif
./1511691.cif
./1513213.cif
        skip non-stoichiometic  1520798.cif
./1520911.cif
        skip non-stoichiometic  1521088.cif
./1521099.cif
        skip non-stoichiometic  1521298.cif
        skip non-stoichiometic  1522030.cif
        skip non-stoichiometic  1522031.cif
        skip non-stoichiometic  1522032.cif
        skip non-stoichiometic  1522033.cif
        skip non-stoichiometic  1522034.cif
        error pymatgen.Structure  1522346.cif
        skip non-stoichiometic  1522402.cif
        skip non-stoichiometic  1522819.cif
        skip non-stoichiometic  1523009.cif
./1523015.cif
./1523095.cif
        skip non-stoichiometic  1523122.cif
        skip non-stoichiometic  1523227.cif
./1523630.cif
./1523788.cif
        skip non-stoichiometic  1523894.cif
        skip non-stoichiometic  1524102.cif
./1524456.cif
./1524555.cif
./1524693.cif
./1525095.cif
        skip non-stoichiometic  1525192.cif
        skip non-stoichiometic  1525226.cif
./1525430.cif
./1525431.cif
        skip non-stoichiometic  1525718.cif
        skip non-stoichiometic  1525719.cif
        skip non-stoichiometic  1525721.cif
        skip non-stoichiometic  1525724.cif
        skip non-stoichiometic  1525727.cif
        skip non-stoichiometic  1525731.cif
        skip non-stoichiometic  1525733.cif
        skip non-stoichiometic  1525735.cif
        skip non-stoichiometic  1525737.cif
        skip non-stoichiometic  1525739.cif
        skip non-stoichiometic  1525741.cif
        skip non-stoichiometic  1525909.cif
        skip non-stoichiometic  1526143.cif
./1526338.cif
./1526406.cif
./1526560.cif
./1526562.cif
./1526563.cif
./1526565.cif
./1526567.cif
./1526569.cif
./1526570.cif
./1526572.cif
./1526574.cif
./1526576.cif
./1526578.cif
./1526580.cif
        skip non-stoichiometic  1526686.cif
./1526688.cif
        skip non-stoichiometic  1526690.cif
        skip non-stoichiometic  1526738.cif
./1526740.cif
        skip non-stoichiometic  1526991.cif
./1526992.cif
        skip non-stoichiometic  1526993.cif
./1527231.cif
./1527233.cif
./1527235.cif
        skip non-stoichiometic  1527256.cif
        skip non-stoichiometic  1527479.cif
        skip non-stoichiometic  1527562.cif
./1527603.cif
./1527646.cif
./1527862.cif
./1527914.cif
./1528098.cif
./1528213.cif
./1528227.cif
        skip non-stoichiometic  1528388.cif
./1528414.cif
./1528590.cif
        skip non-stoichiometic  1528591.cif
./1528599.cif
        skip non-stoichiometic  1528615.cif
./1528616.cif
        skip non-stoichiometic  1528725.cif
./1528835.cif
./1529114.cif
        skip non-stoichiometic  1529914.cif
        skip non-stoichiometic  1530348.cif
./1530588.cif
        skip non-stoichiometic  1530589.cif
./1531000.cif
./1531106.cif
./1531138.cif
./1531482.cif
./1531616.cif
./1532001.cif
./1532003.cif
        skip non-stoichiometic  1532024.cif
./1532026.cif
        skip non-stoichiometic  1532028.cif
./1532052.cif
./1532058.cif
./1532385.cif
        skip non-stoichiometic  1532386.cif
./1532511.cif
./1532515.cif
./1532516.cif
        skip non-stoichiometic  1532590.cif
./1532606.cif
        skip non-stoichiometic  1532724.cif
        skip non-stoichiometic  1532727.cif
        skip non-stoichiometic  1532729.cif
./1532732.cif
./1532734.cif
        skip non-stoichiometic  1532736.cif
./1532739.cif
        skip non-stoichiometic  1532742.cif
./1532746.cif
        skip non-stoichiometic  1532750.cif
./1532754.cif
./1532798.cif
./1533194.cif
./1533300.cif
./1533301.cif
./1533479.cif
        skip non-stoichiometic  1533483.cif
        skip non-stoichiometic  1533736.cif
        skip non-stoichiometic  1533880.cif
./1533888.cif
./1533889.cif
./1533890.cif
./1533891.cif
./1533892.cif
./1533893.cif
./1533894.cif
./1533897.cif
./1533898.cif
./1533899.cif
./1533901.cif
./1533903.cif
./1533904.cif
./1533958.cif
./1534043.cif
./1534044.cif
        skip non-stoichiometic  1534069.cif
        skip non-stoichiometic  1534070.cif
./1534071.cif
        skip non-stoichiometic  1534294.cif
        skip non-stoichiometic  1534295.cif
./1534296.cif
./1534590.cif
./1534592.cif
./1534595.cif
./1534678.cif
./1534681.cif
        skip non-stoichiometic  1534730.cif
./1534778.cif
./1534782.cif
./1534796.cif
        skip non-stoichiometic  1534798.cif
./1534954.cif
./1535030.cif
./1535033.cif
./1535035.cif
./1535117.cif
./1535284.cif
./1535288.cif
./1535419.cif
./1535422.cif
./1535440.cif
./1535443.cif
./1535470.cif
./1535838.cif
./1535842.cif
./1535846.cif
./1535849.cif
./1535904.cif
./1535917.cif
./1535922.cif
./1535927.cif
./1535987.cif
./1536047.cif
        skip non-stoichiometic  1536633.cif
        skip non-stoichiometic  1536767.cif
./1536825.cif
./1536828.cif
./1536894.cif
        skip non-stoichiometic  1536916.cif
./1537475.cif
./1537476.cif
        skip non-stoichiometic  1537477.cif
        skip non-stoichiometic  1537478.cif
        skip non-stoichiometic  1537479.cif
./1537672.cif
./1537714.cif
./1537719.cif
./1537736.cif
./1537749.cif
./1537803.cif
./1537822.cif
        skip non-stoichiometic  1537824.cif
./1537826.cif
./1537834.cif
./1537954.cif
./1537955.cif
./1537957.cif
./1537959.cif
        skip non-stoichiometic  1537961.cif
./1537963.cif
/home/takao/.local/lib/python3.8/site-packages/pymatgen/io/cif.py:1118: UserWarning: Issues encountered while parsing CIF: Some fractional co-ordinates rounded to ideal values to avoid issues with finite precision.
  warnings.warn("Issues encountered while parsing CIF: %s" % "\n".join(self.warnings))
/home/takao/.local/lib/python3.8/site-packages/pymatgen/io/cif.py:713: UserWarning: No _symmetry_equiv_pos_as_xyz type key found. Spacegroup from _symmetry_space_group_name_H-M used.
  warnings.warn(msg)
/home/takao/.local/lib/python3.8/site-packages/pymatgen/io/cif.py:1118: UserWarning: Issues encountered while parsing CIF: No _symmetry_equiv_pos_as_xyz type key found. Spacegroup from _symmetry_space_group_name_H-M used.
  warnings.warn("Issues encountered while parsing CIF: %s" % "\n".join(self.warnings))
/home/takao/.local/lib/python3.8/site-packages/pymatgen/io/cif.py:1012: UserWarning: Some occupancies ([0.89, 1.03, 0.92, 1.0, 1.0]) sum to > 1! If they are within the tolerance, they will be rescaled.
  warnings.warn(msg)
/home/takao/.local/lib/python3.8/site-packages/pymatgen/io/cif.py:1116: UserWarning: Species occupancies sum to more than 1!
  warnings.warn(str(exc))
/home/takao/.local/lib/python3.8/site-packages/pymatgen/io/cif.py:1118: UserWarning: Issues encountered while parsing CIF: Some occupancies ([0.89, 1.03, 0.92, 1.0, 1.0]) sum to > 1! If they are within the tolerance, they will be rescaled.
Species occupancies sum to more than 1!
  warnings.warn("Issues encountered while parsing CIF: %s" % "\n".join(self.warnings))
/home/takao/.local/lib/python3.8/site-packages/pymatgen/io/cif.py:1118: UserWarning: Issues encountered while parsing CIF: Some fractional co-ordinates rounded to ideal values to avoid issues with finite precision.
No _symmetry_equiv_pos_as_xyz type key found. Spacegroup from _symmetry_space_group_name_H-M used.
  warnings.warn("Issues encountered while parsing CIF: %s" % "\n".join(self.warnings))
/home/takao/.local/lib/python3.8/site-packages/pymatgen/io/cif.py:906: UserWarning: LI parsed as Li
  warnings.warn(msg)
/home/takao/.local/lib/python3.8/site-packages/pymatgen/io/cif.py:1118: UserWarning: Issues encountered while parsing CIF: Some fractional co-ordinates rounded to ideal values to avoid issues with finite precision.
LI parsed as Li
LI parsed as Li
  warnings.warn("Issues encountered while parsing CIF: %s" % "\n".join(self.warnings))
/home/takao/.local/lib/python3.8/site-packages/pymatgen/io/cif.py:906: UserWarning: CR parsed as Cr
  warnings.warn(msg)
/home/takao/.local/lib/python3.8/site-packages/pymatgen/io/cif.py:1012: UserWarning: Some occupancies ([1.0, 0.99999, 1.00002]) sum to > 1! If they are within the tolerance, they will be rescaled.
  warnings.warn(msg)
/home/takao/.local/lib/python3.8/site-packages/pymatgen/io/cif.py:1118: UserWarning: Issues encountered while parsing CIF: Some fractional co-ordinates rounded to ideal values to avoid issues with finite precision.
CR parsed as Cr
Some occupancies ([1.0, 0.99999, 1.00002]) sum to > 1! If they are within the tolerance, they will be rescaled.
Species occupancies sum to more than 1!
  warnings.warn("Issues encountered while parsing CIF: %s" % "\n".join(self.warnings))
/home/takao/.local/lib/python3.8/site-packages/pymatgen/io/cif.py:1012: UserWarning: Some occupancies ([1.003, 1.0, 1.0, 1.0]) sum to > 1! If they are within the tolerance, they will be rescaled.
  warnings.warn(msg)
/home/takao/.local/lib/python3.8/site-packages/pymatgen/io/cif.py:1118: UserWarning: Issues encountered while parsing CIF: Some fractional co-ordinates rounded to ideal values to avoid issues with finite precision.
Some occupancies ([1.003, 1.0, 1.0, 1.0]) sum to > 1! If they are within the tolerance, they will be rescaled.
Species occupancies sum to more than 1!
  warnings.warn("Issues encountered while parsing CIF: %s" % "\n".join(self.warnings))
/home/takao/.local/lib/python3.8/site-packages/pymatgen/io/cif.py:1012: UserWarning: Some occupancies ([1.0, 1.0010000000000001, 1.0]) sum to > 1! If they are within the tolerance, they will be rescaled.
  warnings.warn(msg)
/home/takao/.local/lib/python3.8/site-packages/pymatgen/io/cif.py:1118: UserWarning: Issues encountered while parsing CIF: Some fractional co-ordinates rounded to ideal values to avoid issues with finite precision.
Some occupancies ([1.0, 1.0010000000000001, 1.0]) sum to > 1! If they are within the tolerance, they will be rescaled.
Species occupancies sum to more than 1!
  warnings.warn("Issues encountered while parsing CIF: %s" % "\n".join(self.warnings))
/home/takao/.local/lib/python3.8/site-packages/pymatgen/io/cif.py:1012: UserWarning: Some occupancies ([2, 2]) sum to > 1! If they are within the tolerance, they will be rescaled.
  warnings.warn(msg)
/home/takao/.local/lib/python3.8/site-packages/pymatgen/io/cif.py:1118: UserWarning: Issues encountered while parsing CIF: Some fractional co-ordinates rounded to ideal values to avoid issues with finite precision.
Some occupancies ([2, 2]) sum to > 1! If they are within the tolerance, they will be rescaled.
Species occupancies sum to more than 1!
  warnings.warn("Issues encountered while parsing CIF: %s" % "\n".join(self.warnings))
/home/takao/.local/lib/python3.8/site-packages/pymatgen/io/cif.py:1012: UserWarning: Some occupancies ([4, 4, 4, 4, 8]) sum to > 1! If they are within the tolerance, they will be rescaled.
  warnings.warn(msg)
/home/takao/.local/lib/python3.8/site-packages/pymatgen/io/cif.py:1118: UserWarning: Issues encountered while parsing CIF: Some occupancies ([4, 4, 4, 4, 8]) sum to > 1! If they are within the tolerance, they will be rescaled.
Species occupancies sum to more than 1!
  warnings.warn("Issues encountered while parsing CIF: %s" % "\n".join(self.warnings))
/home/takao/.local/lib/python3.8/site-packages/pymatgen/io/cif.py:1012: UserWarning: Some occupancies ([8, 4, 4, 8]) sum to > 1! If they are within the tolerance, they will be rescaled.
  warnings.warn(msg)
/home/takao/.local/lib/python3.8/site-packages/pymatgen/io/cif.py:1118: UserWarning: Issues encountered while parsing CIF: Some occupancies ([8, 4, 4, 8]) sum to > 1! If they are within the tolerance, they will be rescaled.
Species occupancies sum to more than 1!
  warnings.warn("Issues encountered while parsing CIF: %s" % "\n".join(self.warnings))
/home/takao/.local/lib/python3.8/site-packages/pymatgen/io/cif.py:1012: UserWarning: Some occupancies ([1.0, 1.32, 1.0, 1.0]) sum to > 1! If they are within the tolerance, they will be rescaled.
  warnings.warn(msg)
/home/takao/.local/lib/python3.8/site-packages/pymatgen/io/cif.py:1118: UserWarning: Issues encountered while parsing CIF: Some fractional co-ordinates rounded to ideal values to avoid issues with finite precision.
Some occupancies ([1.0, 1.32, 1.0, 1.0]) sum to > 1! If they are within the tolerance, they will be rescaled.
Species occupancies sum to more than 1!
  warnings.warn("Issues encountered while parsing CIF: %s" % "\n".join(self.warnings))
/home/takao/.local/lib/python3.8/site-packages/pymatgen/io/cif.py:1012: UserWarning: Some occupancies ([1.0, 1.002, 1.0, 1.0]) sum to > 1! If they are within the tolerance, they will be rescaled.
  warnings.warn(msg)
/home/takao/.local/lib/python3.8/site-packages/pymatgen/io/cif.py:1118: UserWarning: Issues encountered while parsing CIF: Some occupancies ([1.0, 1.002, 1.0, 1.0]) sum to > 1! If they are within the tolerance, they will be rescaled.
Species occupancies sum to more than 1!
  warnings.warn("Issues encountered while parsing CIF: %s" % "\n".join(self.warnings))
/home/takao/.local/lib/python3.8/site-packages/pymatgen/io/cif.py:1012: UserWarning: Some occupancies ([1.001, 1.0, 1.0]) sum to > 1! If they are within the tolerance, they will be rescaled.
  warnings.warn(msg)
/home/takao/.local/lib/python3.8/site-packages/pymatgen/io/cif.py:1118: UserWarning: Issues encountered while parsing CIF: Some fractional co-ordinates rounded to ideal values to avoid issues with finite precision.
Some occupancies ([1.001, 1.0, 1.0]) sum to > 1! If they are within the tolerance, they will be rescaled.
Species occupancies sum to more than 1!
  warnings.warn("Issues encountered while parsing CIF: %s" % "\n".join(self.warnings))
/home/takao/.local/lib/python3.8/site-packages/pymatgen/io/cif.py:1012: UserWarning: Some occupancies ([1.0, 1.0007, 1.0, 1.0]) sum to > 1! If they are within the tolerance, they will be rescaled.
  warnings.warn(msg)
/home/takao/.local/lib/python3.8/site-packages/pymatgen/io/cif.py:1118: UserWarning: Issues encountered while parsing CIF: Some occupancies ([1.0, 1.0007, 1.0, 1.0]) sum to > 1! If they are within the tolerance, they will be rescaled.
Species occupancies sum to more than 1!
  warnings.warn("Issues encountered while parsing CIF: %s" % "\n".join(self.warnings))
/home/takao/.local/lib/python3.8/site-packages/pymatgen/io/cif.py:906: UserWarning: SR parsed as Sr
  warnings.warn(msg)
/home/takao/.local/lib/python3.8/site-packages/pymatgen/io/cif.py:906: UserWarning: FE parsed as Fe
  warnings.warn(msg)
/home/takao/.local/lib/python3.8/site-packages/pymatgen/io/cif.py:1118: UserWarning: Issues encountered while parsing CIF: SR parsed as Sr
SR parsed as Sr
SR parsed as Sr
SR parsed as Sr
FE parsed as Fe
  warnings.warn("Issues encountered while parsing CIF: %s" % "\n".join(self.warnings))
./1538016.cif
        skip non-stoichiometic  1538053.cif
./1538055.cif
./1538058.cif
./1538268.cif
        skip non-stoichiometic  1538269.cif
./1538270.cif
        skip non-stoichiometic  1538271.cif
./1538272.cif
        skip non-stoichiometic  1538273.cif
./1538276.cif
        skip non-stoichiometic  1538277.cif
./1538278.cif
./1538279.cif
        skip non-stoichiometic  1538283.cif
./1538340.cif
./1538341.cif
./1538342.cif
        skip non-stoichiometic  1538373.cif
        skip non-stoichiometic  1538607.cif
./1538614.cif
./1538664.cif
        skip non-stoichiometic  1538666.cif
./1538667.cif
        skip non-stoichiometic  1538668.cif
        skip non-stoichiometic  1538669.cif
        skip non-stoichiometic  1538670.cif
        skip non-stoichiometic  1538671.cif
./1538751.cif
./1538753.cif
        skip non-stoichiometic  1538784.cif
./1538803.cif
./1538842.cif
        skip non-stoichiometic  1538884.cif
        skip non-stoichiometic  1538886.cif
./1539063.cif
./1539157.cif
./1539168.cif
./1539196.cif
./1539211.cif
./1539256.cif
./1539259.cif
./1539262.cif
./1539264.cif
./1539297.cif
./1539323.cif
./1539325.cif
        skip non-stoichiometic  1539368.cif
./1539404.cif
./1539407.cif
./1539488.cif
./1539491.cif
./1539500.cif
./1539577.cif
        skip non-stoichiometic  1540198.cif
        skip non-stoichiometic  1540225.cif
        skip non-stoichiometic  1540231.cif
./1540242.cif
        skip non-stoichiometic  1540784.cif
        skip non-stoichiometic  1540785.cif
./1540932.cif
        skip non-stoichiometic  1541144.cif
./1541212.cif
./1541213.cif
./1541850.cif
        skip non-stoichiometic  1541851.cif
./1541975.cif
./1542030.cif
./1542116.cif
./1542195.cif
./1542200.cif
./1544904.cif
./1544905.cif
        skip non-stoichiometic  1548344.cif
./1552076.cif
./1557477.cif
        skip non-stoichiometic  1560434.cif
        skip non-stoichiometic  1561282.cif
./1561283.cif
./1561435.cif
        skip non-stoichiometic  1561813.cif
        skip non-stoichiometic  1561905.cif
        skip non-stoichiometic  1561906.cif
./1563187.cif
./1563188.cif
./2000944.cif
./2004796.cif
./2006775.cif
./2006835.cif
./2006836.cif
./2012637.cif
./2012796.cif
./2015590.cif
        skip in skiplist.py  2016168.cif
./2016170.cif
./2016173.cif
./2100976.cif
./2101328.cif
./2101587.cif
./2102550.cif
./2102551.cif
./2105416.cif
./2106407.cif
./2106735.cif
./2106857.cif
./2107066.cif
./2200084.cif
./2204401.cif
./2222174.cif
./2239525.cif
./2242624.cif
        skip non-stoichiometic  2300546.cif
./2310148.cif
./2310341.cif
./2310494.cif
./2310495.cif
./2310658.cif
./2310869.cif
./2310870.cif
./2310871.cif
./2310957.cif
        skip non-stoichiometic  2311006.cif
./4000325.cif
./4000326.cif
        skip non-stoichiometic  4000973.cif
        skip non-stoichiometic  4000974.cif
./4001634.cif
./4001935.cif
./4001936.cif
./4001937.cif
./4001979.cif
        skip non-stoichiometic  4002022.cif
        skip non-stoichiometic  4002023.cif
        skip non-stoichiometic  4002058.cif
        skip non-stoichiometic  4002059.cif
        skip non-stoichiometic  4002060.cif
        skip non-stoichiometic  4002061.cif
        skip non-stoichiometic  4002062.cif
./4002378.cif
./4002499.cif
        skip non-stoichiometic  4002500.cif
        skip non-stoichiometic  4002664.cif
        skip non-stoichiometic  4002686.cif
./4002705.cif
./4002732.cif
./4002733.cif
./4003026.cif
./4003027.cif
./4003028.cif
        skip non-stoichiometic  4003090.cif
        skip non-stoichiometic  4003118.cif
./4003637.cif
./4030363.cif
./4030500.cif
./4030616.cif
./4030718.cif
./4117452.cif
./4117453.cif
./4121091.cif
        skip non-stoichiometic  4121376.cif
        skip non-stoichiometic  4121377.cif
./4124680.cif
./4124681.cif
./4124772.cif
./4124799.cif
        skip non-stoichiometic  4134861.cif
./4303939.cif
./4303942.cif
./4303945.cif
./4306748.cif
./4307489.cif
./4308277.cif
        skip non-stoichiometic  4309585.cif
./4311893.cif
        error pymatgen.Structure  4311894.cif
./4320309.cif
        skip non-stoichiometic  4320310.cif
        error pymatgen.Structure  4320311.cif
        error pymatgen.Structure  4320312.cif
./4320485.cif
./4320488.cif
./4320491.cif
./4320494.cif
./4320497.cif
./4320500.cif
./4320503.cif
./4320506.cif
./4320509.cif
./4321046.cif
./4321047.cif
./4321677.cif
./4321678.cif
./4321679.cif
./4323349.cif
./4323350.cif
./4323351.cif
./4327588.cif
./4327589.cif
./4328598.cif
./4333085.cif
./4334785.cif
./4334786.cif
./4343851.cif
./4344130.cif
./4344132.cif
        skip non-stoichiometic  4515145.cif
        error pymatgen.Structure  5910079.cif
        error pymatgen.Structure  5910214.cif
        error pymatgen.Structure  5910218.cif
./6000257.cif
./7009095.cif
./7110559.cif
        error pymatgen.Structure  7110560.cif
./7129000.cif
./7208132.cif
./7221282.cif
./7222391.cif
./7222392.cif
./7222546.cif
./7222625.cif
./7222769.cif
./7222771.cif
./7222772.cif
./7222775.cif
./7222985.cif
./7222986.cif
./7234258.cif
./7234259.cif
./7700387.cif
./7709408.cif
./8100237.cif
./8100364.cif
./8100807.cif
./8100889.cif
        skip non-stoichiometic  8100917.cif
./8101305.cif
./8101306.cif
./8101307.cif
./8101309.cif
        skip non-stoichiometic  8101633.cif
        error pymatgen.Structure  8101634.cif
        error pymatgen.Structure  8101635.cif
        error pymatgen.Structure  8101636.cif
        error pymatgen.Structure  8101637.cif
        skip non-stoichiometic  8102906.cif
./8102920.cif
./8102970.cif
./8102971.cif
./8102988.cif
./8102989.cif
./8103398.cif
./8103444.cif
./8103446.cif
./8103448.cif
./8103449.cif
./8103450.cif
        skip non-stoichiometic  8103460.cif
        skip non-stoichiometic  8103486.cif
./8103571.cif
./8103572.cif
./8103674.cif
./8103709.cif
./8103855.cif
./8103919.cif
./8103994.cif
./8104130.cif
./8104308.cif
        skip non-stoichiometic  8104325.cif
./8104361.cif
        skip non-stoichiometic  8104442.cif
./9004225.cif
./9008165.cif
./9008612.cif
./9008619.cif
./9008624.cif
./9008628.cif
./9008631.cif
./9008638.cif
./9008644.cif
./9008658.cif
./9008670.cif
./9008683.cif
./9008687.cif
./9008700.cif
./9008712.cif
./9008716.cif
./9008735.cif
./9008748.cif
./9008751.cif
./9008757.cif
./9008765.cif
./9008768.cif
./9008771.cif
./9008778.cif
./9008834.cif
./9008860.cif
./9008868.cif
./9008869.cif
./9008874.cif
./9008876.cif
./9008975.cif
./9008997.cif
./9009048.cif
./9011657.cif
./9011658.cif
./9011660.cif
./9012057.cif
./9013139.cif
./9013140.cif
        skip non-stoichiometic  9014343.cif
./9014564.cif
./9016422.cif
