./1000043.cif
        skip non-stoichiometic  1000073.cif
        skip non-stoichiometic  1000074.cif
./1000076.cif
./1000082.cif
./1000085.cif
./1000088.cif
./1000089.cif
./1000090.cif
        skip non-stoichiometic  1000091.cif
./1000092.cif
./1000098.cif
./1000103.cif
./1000104.cif
./1000105.cif
./1000106.cif
./1000107.cif
./1000110.cif
./1000122.cif
./1000125.cif
./1000126.cif
./1000127.cif
./1000129.cif
./1000130.cif
./1000131.cif
./1000135.cif
./1000144.cif
./1000146.cif
./1000147.cif
./1000149.cif
./1000150.cif
./1000151.cif
./1000152.cif
./1000153.cif
./1000154.cif
./1000157.cif
./1000158.cif
./1000159.cif
./1000160.cif
./1000161.cif
./1000162.cif
./1000164.cif
./1000165.cif
./1000166.cif
./1000167.cif
./1000168.cif
./1000175.cif
./1000176.cif
./1000177.cif
        skip non-stoichiometic  1000178.cif
        skip non-stoichiometic  1000179.cif
./1000184.cif
./1000185.cif
./1000186.cif
./1000198.cif
./1000201.cif
./1000204.cif
./1000205.cif
./1000207.cif
./1000208.cif
./1000209.cif
./1000210.cif
./1000211.cif
./1000212.cif
./1000213.cif
./1000214.cif
        skip non-stoichiometic  1000215.cif
./1000216.cif
./1000217.cif
./1000219.cif
./1000220.cif
./1000221.cif
./1000222.cif
./1000226.cif
./1000228.cif
./1000232.cif
./1000236.cif
./1000237.cif
./1000238.cif
./1000239.cif
./1000243.cif
./1000244.cif
./1000245.cif
./1000246.cif
./1000248.cif
./1000249.cif
        skip non-stoichiometic  1000256.cif
./1000257.cif
./1000258.cif
./1000259.cif
./1000260.cif
./1000261.cif
./1000269.cif
./1000272.cif
./1000278.cif
./1000288.cif
./1000289.cif
./1000295.cif
./1000296.cif
./1000297.cif
./1000300.cif
./1000305.cif
./1000306.cif
        skip non-stoichiometic  1000323.cif
./1000325.cif
        skip non-stoichiometic  1000326.cif
./1000329.cif
./1000338.cif
./1000340.cif
./1000348.cif
./1000360.cif
./1000363.cif
        skip non-stoichiometic  1000365.cif
        skip non-stoichiometic  1000366.cif
        skip non-stoichiometic  1000367.cif
        skip non-stoichiometic  1000368.cif
./1000370.cif
./1000376.cif
./1000398.cif
        skip non-stoichiometic  1000400.cif
        skip non-stoichiometic  1000403.cif
./1000407.cif
./1000408.cif
./1000409.cif
./1000410.cif
./1000411.cif
./1000417.cif
        skip non-stoichiometic  1000418.cif
./1000419.cif
./1000420.cif
./1000421.cif
./1000422.cif
./1000424.cif
./1000425.cif
./1000439.cif
./1000453.cif
./1000454.cif
./1000455.cif
./1000456.cif
./1000457.cif
        skip non-stoichiometic  1000461.cif
        skip non-stoichiometic  1000462.cif
./1000467.cif
./1000468.cif
        skip non-stoichiometic  1000473.cif
./1000476.cif
./1000479.cif
        skip non-stoichiometic  1000485.cif
./1000490.cif
./1000491.cif
./1000492.cif
./1000496.cif
./1000497.cif
./1000498.cif
        skip non-stoichiometic  1000499.cif
./1001038.cif
        skip non-stoichiometic  1001047.cif
        skip non-stoichiometic  1001226.cif
./1001843.cif
./1006039.cif
./1008000.cif
./1008004.cif
        error pymatgen.Structure  1008022.cif
./1008034.cif
./1008055.cif
./1008065.cif
./1008068.cif
        skip non-stoichiometic  1008081.cif
./1008087.cif
./1008149.cif
./1008150.cif
./1008151.cif
./1008156.cif
./1008182.cif
./1008211.cif
./1008212.cif
./1008213.cif
./1008237.cif
./1008245.cif
./1008246.cif
./1008268.cif
        skip non-stoichiometic  1008347.cif
        skip non-stoichiometic  1008348.cif
./1008349.cif
./1008380.cif
./1008381.cif
        skip non-stoichiometic  1008452.cif
./1008492.cif
        skip non-stoichiometic  1008493.cif
./1008527.cif
./1008528.cif
        skip non-stoichiometic  1008534.cif
        skip non-stoichiometic  1008562.cif
        skip non-stoichiometic  1008570.cif
        skip non-stoichiometic  1008571.cif
./1008610.cif
        skip non-stoichiometic  1008611.cif
        skip non-stoichiometic  1008612.cif
        skip non-stoichiometic  1008613.cif
        skip non-stoichiometic  1008614.cif
        skip non-stoichiometic  1008615.cif
        skip non-stoichiometic  1008616.cif
./1008650.cif
./1008701.cif
./1008751.cif
        skip non-stoichiometic  1008789.cif
./1008794.cif
./1008795.cif
./1008834.cif
./1008837.cif
./1008866.cif
./1008916.cif
./1008938.cif
./1010042.cif
./1010049.cif
./1010050.cif
./1010094.cif
        skip non-stoichiometic  1010100.cif
./1010101.cif
./1010134.cif
./1010158.cif
./1010159.cif
./1010205.cif
./1010206.cif
./1010285.cif
./1010286.cif
./1010395.cif
./1010414.cif
./1010415.cif
./1010416.cif
./1010417.cif
./1010418.cif
./1010451.cif
./1010462.cif
./1010465.cif
./1010580.cif
./1010607.cif
./1010655.cif
./1010923.cif
./1010932.cif
./1010934.cif
./1010947.cif
./1010976.cif
./1010978.cif
./1010983.cif
./1010984.cif
./1010985.cif
./1010986.cif
./1010990.cif
./1011068.cif
./1011141.cif
./1011282.cif
./1011296.cif
./1011350.cif
./1101116.cif
./1507761.cif
./1507762.cif
./1507763.cif
./1507764.cif
./1507767.cif
        skip non-stoichiometic  1507770.cif
./1509181.cif
./1509182.cif
        skip non-stoichiometic  1509197.cif
./1509203.cif
./1509209.cif
./1509210.cif
./1509211.cif
./1509275.cif
./1509276.cif
        skip non-stoichiometic  1509277.cif
        skip non-stoichiometic  1509278.cif
        skip non-stoichiometic  1509279.cif
./1509284.cif
./1509285.cif
./1509316.cif
./1509317.cif
./1509318.cif
./1509319.cif
./1509320.cif
./1509321.cif
./1509322.cif
./1509323.cif
./1509325.cif
./1509326.cif
./1509328.cif
./1509332.cif
./1509333.cif
./1509334.cif
./1509798.cif
./1509800.cif
./1509801.cif
./1509959.cif
./1510004.cif
./1510054.cif
./1510115.cif
./1510135.cif
./1510138.cif
./1510139.cif
./1510140.cif
./1510141.cif
./1510144.cif
./1510145.cif
./1510146.cif
./1510149.cif
./1510359.cif
./1510360.cif
./1510369.cif
./1510372.cif
./1510373.cif
./1510401.cif
./1510402.cif
./1510403.cif
./1510404.cif
./1510405.cif
./1510406.cif
./1510407.cif
./1510408.cif
./1510409.cif
./1510495.cif
./1510498.cif
./1510554.cif
./1510556.cif
./1510558.cif
./1510559.cif
./1510560.cif
./1510561.cif
./1510562.cif
./1510563.cif
./1510564.cif
./1510681.cif
./1511120.cif
./1511123.cif
./1511124.cif
        skip non-stoichiometic  1511125.cif
./1511126.cif
./1511127.cif
./1511369.cif
./1511646.cif
./1511692.cif
./1513881.cif
./1513882.cif
./1515134.cif
./1515376.cif
        skip non-stoichiometic  1517672.cif
        skip non-stoichiometic  1517673.cif
        skip non-stoichiometic  1517674.cif
        skip non-stoichiometic  1517675.cif
        skip non-stoichiometic  1517676.cif
        skip non-stoichiometic  1517677.cif
        skip non-stoichiometic  1517678.cif
./1518055.cif
./1518056.cif
./1518068.cif
./1518171.cif
./1518172.cif
./1518173.cif
./1518174.cif
        skip non-stoichiometic  1518203.cif
./1518221.cif
./1519023.cif
./1519032.cif
        skip non-stoichiometic  1519033.cif
./1519034.cif
./1520823.cif
./1520825.cif
        skip non-stoichiometic  1520916.cif
        skip non-stoichiometic  1520917.cif
./1521012.cif
        skip non-stoichiometic  1521019.cif
        skip non-stoichiometic  1521021.cif
./1521027.cif
        skip non-stoichiometic  1521030.cif
./1521764.cif
./1521771.cif
./1521854.cif
./1521900.cif
./1522029.cif
./1522258.cif
./1522260.cif
        skip non-stoichiometic  1523198.cif
./1523455.cif
./1523805.cif
        skip non-stoichiometic  1524243.cif
./1524558.cif
./1524799.cif
./1525222.cif
./1525278.cif
./1525279.cif
./1525280.cif
./1525281.cif
        skip non-stoichiometic  1525282.cif
./1525283.cif
./1525284.cif
        skip non-stoichiometic  1525285.cif
./1525286.cif
        skip non-stoichiometic  1525427.cif
./1525475.cif
./1525538.cif
./1525539.cif
./1525545.cif
./1525672.cif
./1525673.cif
./1525699.cif
./1525713.cif
./1525725.cif
        skip non-stoichiometic  1525732.cif
        skip non-stoichiometic  1525745.cif
        skip non-stoichiometic  1525747.cif
        skip non-stoichiometic  1525754.cif
./1525808.cif
        skip non-stoichiometic  1525971.cif
        skip non-stoichiometic  1526168.cif
        skip non-stoichiometic  1526202.cif
        skip non-stoichiometic  1526204.cif
./1526229.cif
./1526236.cif
        skip non-stoichiometic  1526262.cif
        skip non-stoichiometic  1526354.cif
        skip non-stoichiometic  1526356.cif
        skip non-stoichiometic  1526358.cif
        skip non-stoichiometic  1526360.cif
        skip non-stoichiometic  1526361.cif
        skip non-stoichiometic  1526362.cif
        skip non-stoichiometic  1526363.cif
./1526421.cif
./1526708.cif
./1526758.cif
./1526760.cif
./1526766.cif
./1527076.cif
./1527097.cif
./1527098.cif
./1527099.cif
./1527113.cif
./1527173.cif
./1527191.cif
./1527271.cif
./1527293.cif
./1527466.cif
./1527467.cif
./1527502.cif
./1527503.cif
./1527518.cif
./1527519.cif
./1527520.cif
        skip non-stoichiometic  1527521.cif
        skip non-stoichiometic  1527522.cif
./1527528.cif
        skip non-stoichiometic  1527529.cif
./1527530.cif
./1527533.cif
./1527534.cif
./1527535.cif
./1527538.cif
./1527539.cif
./1527540.cif
./1527541.cif
./1527542.cif
./1527543.cif
./1527773.cif
./1527836.cif
./1527894.cif
./1527921.cif
./1527946.cif
./1528168.cif
./1528224.cif
./1528263.cif
./1528264.cif
./1528265.cif
./1528266.cif
        error pymatgen.Structure  1528291.cif
./1528300.cif
./1528301.cif
./1528377.cif
./1528381.cif
        skip non-stoichiometic  1528530.cif
        skip non-stoichiometic  1528531.cif
        skip non-stoichiometic  1528532.cif
        skip non-stoichiometic  1528533.cif
./1528562.cif
./1528563.cif
./1528581.cif
./1528582.cif
./1528583.cif
./1528727.cif
./1528732.cif
./1528861.cif
        skip non-stoichiometic  1528900.cif
        skip non-stoichiometic  1528901.cif
        skip non-stoichiometic  1528902.cif
        skip non-stoichiometic  1528903.cif
        skip non-stoichiometic  1528904.cif
./1528916.cif
./1528938.cif
        skip non-stoichiometic  1528952.cif
        skip non-stoichiometic  1528953.cif
./1529059.cif
./1529060.cif
        skip non-stoichiometic  1529190.cif
        skip non-stoichiometic  1529191.cif
./1529267.cif
./1529333.cif
./1529334.cif
        error pymatgen.Structure  1529437.cif
        error pymatgen.Structure  1529438.cif
        skip non-stoichiometic  1529439.cif
        error pymatgen.Structure  1529440.cif
        error pymatgen.Structure  1529482.cif
./1529483.cif
./1529575.cif
./1529578.cif
./1529579.cif
./1529580.cif
./1529643.cif
./1529650.cif
./1529651.cif
        skip non-stoichiometic  1529652.cif
        skip non-stoichiometic  1529653.cif
        skip non-stoichiometic  1529654.cif
./1529657.cif
./1529658.cif
./1529659.cif
./1529660.cif
./1529684.cif
        skip non-stoichiometic  1529755.cif
./1529789.cif
        skip non-stoichiometic  1529802.cif
./1529817.cif
./1529839.cif
./1529840.cif
./1529904.cif
./1529905.cif
./1530005.cif
./1530035.cif
./1530081.cif
./1530090.cif
./1530106.cif
./1530107.cif
./1530112.cif
./1530188.cif
./1530196.cif
./1530203.cif
        skip non-stoichiometic  1530249.cif
        skip non-stoichiometic  1530250.cif
        skip non-stoichiometic  1530251.cif
        skip non-stoichiometic  1530252.cif
        skip non-stoichiometic  1530253.cif
./1530254.cif
        skip non-stoichiometic  1530255.cif
        skip non-stoichiometic  1530256.cif
        skip non-stoichiometic  1530257.cif
        skip non-stoichiometic  1530258.cif
        skip non-stoichiometic  1530259.cif
        skip non-stoichiometic  1530354.cif
./1530372.cif
./1530560.cif
./1530593.cif
./1530594.cif
./1530674.cif
./1530889.cif
        skip non-stoichiometic  1530954.cif
        skip non-stoichiometic  1530955.cif
        skip non-stoichiometic  1531002.cif
        skip non-stoichiometic  1531053.cif
        skip non-stoichiometic  1531054.cif
./1531101.cif
        skip non-stoichiometic  1531336.cif
./1531403.cif
./1531406.cif
./1531409.cif
./1531412.cif
./1531415.cif
./1531435.cif
./1531438.cif
./1531490.cif
./1531492.cif
        skip non-stoichiometic  1531493.cif
        skip non-stoichiometic  1531496.cif
./1531499.cif
        skip non-stoichiometic  1531501.cif
./1531503.cif
./1531504.cif
./1531505.cif
./1531506.cif
./1531507.cif
./1531509.cif
./1531511.cif
./1531513.cif
./1531560.cif
        skip non-stoichiometic  1531618.cif
        skip non-stoichiometic  1531906.cif
./1531931.cif
./1532030.cif
./1532033.cif
        skip non-stoichiometic  1532147.cif
./1532182.cif
./1532184.cif
./1532187.cif
        skip non-stoichiometic  1532190.cif
./1532193.cif
        skip non-stoichiometic  1532196.cif
./1532199.cif
./1532247.cif
./1532263.cif
./1532266.cif
./1532268.cif
./1532271.cif
./1532319.cif
./1532322.cif
        skip non-stoichiometic  1532368.cif
./1532444.cif
        skip non-stoichiometic  1532568.cif
./1532738.cif
./1532774.cif
./1532778.cif
        skip non-stoichiometic  1532832.cif
./1532945.cif
./1532947.cif
./1532949.cif
        skip non-stoichiometic  1532951.cif
./1532953.cif
./1533036.cif
./1533057.cif
./1533109.cif
./1533167.cif
./1533290.cif
./1533455.cif
        skip non-stoichiometic  1533489.cif
./1533536.cif
        skip non-stoichiometic  1533570.cif
        skip non-stoichiometic  1533787.cif
./1534087.cif
./1534088.cif
./1534089.cif
./1534090.cif
./1534091.cif
./1534092.cif
./1534148.cif
./1534151.cif
./1534152.cif
./1534153.cif
./1534154.cif
./1534155.cif
./1534190.cif
./1534219.cif
./1534283.cif
./1534284.cif
./1534285.cif
./1534286.cif
./1534287.cif
./1534288.cif
./1534289.cif
./1534335.cif
./1534367.cif
        skip non-stoichiometic  1534455.cif
        skip non-stoichiometic  1534458.cif
        skip non-stoichiometic  1534461.cif
        skip non-stoichiometic  1534478.cif
./1534492.cif
./1534502.cif
./1534505.cif
./1534509.cif
./1534557.cif
        skip non-stoichiometic  1534603.cif
        skip non-stoichiometic  1534643.cif
./1534671.cif
        skip non-stoichiometic  1534674.cif
./1534684.cif
./1534687.cif
./1534718.cif
        skip non-stoichiometic  1534927.cif
        skip non-stoichiometic  1534931.cif
./1535062.cif
./1535064.cif
./1535142.cif
./1535197.cif
./1535261.cif
./1535389.cif
        skip non-stoichiometic  1535558.cif
./1535571.cif
./1535574.cif
./1535589.cif
        skip non-stoichiometic  1535652.cif
./1535657.cif
        skip non-stoichiometic  1535766.cif
        skip non-stoichiometic  1535771.cif
./1535796.cif
./1535801.cif
        skip non-stoichiometic  1535805.cif
./1535938.cif
./1535945.cif
./1535949.cif
./1535967.cif
        skip non-stoichiometic  1536102.cif
./1536149.cif
./1536224.cif
./1536228.cif
./1536232.cif
./1536286.cif
        skip non-stoichiometic  1536289.cif
        skip non-stoichiometic  1536292.cif
        skip non-stoichiometic  1536295.cif
        skip non-stoichiometic  1536298.cif
        skip non-stoichiometic  1536302.cif
        skip non-stoichiometic  1536320.cif
./1536334.cif
./1536344.cif
        skip non-stoichiometic  1536345.cif
        skip non-stoichiometic  1536349.cif
        skip non-stoichiometic  1536352.cif
        skip non-stoichiometic  1536353.cif
        skip non-stoichiometic  1536355.cif
        skip non-stoichiometic  1536356.cif
        skip non-stoichiometic  1536358.cif
        skip non-stoichiometic  1536359.cif
./1536360.cif
        skip non-stoichiometic  1536363.cif
        skip non-stoichiometic  1536364.cif
        skip non-stoichiometic  1536367.cif
        skip non-stoichiometic  1536370.cif
        skip non-stoichiometic  1536373.cif
        skip non-stoichiometic  1536376.cif
./1536380.cif
./1536444.cif
        skip non-stoichiometic  1536489.cif
        skip non-stoichiometic  1536492.cif
        skip non-stoichiometic  1536494.cif
./1536496.cif
        skip non-stoichiometic  1536499.cif
./1536502.cif
./1536505.cif
./1536506.cif
./1536527.cif
./1536530.cif
./1536533.cif
./1536536.cif
./1536585.cif
./1536602.cif
./1536605.cif
./1536607.cif
./1536610.cif
./1536613.cif
./1536617.cif
./1536722.cif
./1536792.cif
        skip non-stoichiometic  1536793.cif
        skip non-stoichiometic  1536795.cif
./1536813.cif
./1537223.cif
./1537398.cif
./1537399.cif
./1537400.cif
./1537401.cif
./1537402.cif
./1537403.cif
./1537404.cif
./1537417.cif
./1537418.cif
./1537422.cif
./1537423.cif
./1537424.cif
./1537431.cif
./1537432.cif
./1537433.cif
        skip non-stoichiometic  1537434.cif
./1537435.cif
./1537436.cif
./1537437.cif
./1537438.cif
./1537452.cif
./1537511.cif
./1537548.cif
./1537577.cif
./1537696.cif
./1538046.cif
/home/takao/.local/lib/python3.8/site-packages/pymatgen/io/cif.py:1118: UserWarning: Issues encountered while parsing CIF: Some fractional co-ordinates rounded to ideal values to avoid issues with finite precision.
  warnings.warn("Issues encountered while parsing CIF: %s" % "\n".join(self.warnings))
/home/takao/.local/lib/python3.8/site-packages/pymatgen/io/cif.py:1012: UserWarning: Some occupancies ([7.0]) sum to > 1! If they are within the tolerance, they will be rescaled.
  warnings.warn(msg)
/home/takao/.local/lib/python3.8/site-packages/pymatgen/io/cif.py:1116: UserWarning: Species occupancies sum to more than 1!
  warnings.warn(str(exc))
/home/takao/.local/lib/python3.8/site-packages/pymatgen/io/cif.py:1118: UserWarning: Issues encountered while parsing CIF: Some occupancies ([7.0]) sum to > 1! If they are within the tolerance, they will be rescaled.
Species occupancies sum to more than 1!
  warnings.warn("Issues encountered while parsing CIF: %s" % "\n".join(self.warnings))
/home/takao/.local/lib/python3.8/site-packages/pymatgen/io/cif.py:1012: UserWarning: Some occupancies ([1.0, 1.002, 1.002, 1.0, 1.0, 1.0, 1.0]) sum to > 1! If they are within the tolerance, they will be rescaled.
  warnings.warn(msg)
/home/takao/.local/lib/python3.8/site-packages/pymatgen/io/cif.py:1118: UserWarning: Issues encountered while parsing CIF: Some occupancies ([1.0, 1.002, 1.002, 1.0, 1.0, 1.0, 1.0]) sum to > 1! If they are within the tolerance, they will be rescaled.
Species occupancies sum to more than 1!
  warnings.warn("Issues encountered while parsing CIF: %s" % "\n".join(self.warnings))
/home/takao/.local/lib/python3.8/site-packages/pymatgen/io/cif.py:1012: UserWarning: Some occupancies ([1.0, 1.00001]) sum to > 1! If they are within the tolerance, they will be rescaled.
  warnings.warn(msg)
/home/takao/.local/lib/python3.8/site-packages/pymatgen/io/cif.py:1118: UserWarning: Issues encountered while parsing CIF: Some occupancies ([1.0, 1.00001]) sum to > 1! If they are within the tolerance, they will be rescaled.
Species occupancies sum to more than 1!
  warnings.warn("Issues encountered while parsing CIF: %s" % "\n".join(self.warnings))
/home/takao/.local/lib/python3.8/site-packages/pymatgen/io/cif.py:906: UserWarning: IN parsed as In
  warnings.warn(msg)
/home/takao/.local/lib/python3.8/site-packages/pymatgen/io/cif.py:906: UserWarning: RB parsed as Rb
  warnings.warn(msg)
/home/takao/.local/lib/python3.8/site-packages/pymatgen/io/cif.py:1012: UserWarning: Some occupancies ([1.0, 1.0, 1.00024, 1.00016]) sum to > 1! If they are within the tolerance, they will be rescaled.
  warnings.warn(msg)
/home/takao/.local/lib/python3.8/site-packages/pymatgen/io/cif.py:1118: UserWarning: Issues encountered while parsing CIF: IN parsed as In
RB parsed as Rb
Some occupancies ([1.0, 1.0, 1.00024, 1.00016]) sum to > 1! If they are within the tolerance, they will be rescaled.
Species occupancies sum to more than 1!
  warnings.warn("Issues encountered while parsing CIF: %s" % "\n".join(self.warnings))
/home/takao/.local/lib/python3.8/site-packages/pymatgen/io/cif.py:1118: UserWarning: Issues encountered while parsing CIF: IN parsed as In
RB parsed as Rb
  warnings.warn("Issues encountered while parsing CIF: %s" % "\n".join(self.warnings))
/home/takao/.local/lib/python3.8/site-packages/pymatgen/io/cif.py:1012: UserWarning: Some occupancies ([1.5, 1.0, 1.0]) sum to > 1! If they are within the tolerance, they will be rescaled.
  warnings.warn(msg)
/home/takao/.local/lib/python3.8/site-packages/pymatgen/io/cif.py:1118: UserWarning: Issues encountered while parsing CIF: Some occupancies ([1.5, 1.0, 1.0]) sum to > 1! If they are within the tolerance, they will be rescaled.
Species occupancies sum to more than 1!
  warnings.warn("Issues encountered while parsing CIF: %s" % "\n".join(self.warnings))
/home/takao/.local/lib/python3.8/site-packages/pymatgen/io/cif.py:713: UserWarning: No _symmetry_equiv_pos_as_xyz type key found. Spacegroup from _symmetry_space_group_name_H-M used.
  warnings.warn(msg)
/home/takao/.local/lib/python3.8/site-packages/pymatgen/io/cif.py:1118: UserWarning: Issues encountered while parsing CIF: No _symmetry_equiv_pos_as_xyz type key found. Spacegroup from _symmetry_space_group_name_H-M used.
  warnings.warn("Issues encountered while parsing CIF: %s" % "\n".join(self.warnings))
/home/takao/.local/lib/python3.8/site-packages/pymatgen/io/cif.py:729: UserWarning: No _symmetry_equiv_pos_as_xyz type key found. Spacegroup from _symmetry_space_group_name_H-M used.
  warnings.warn(msg)
/home/takao/.local/lib/python3.8/site-packages/pymatgen/io/cif.py:906: UserWarning: PB parsed as Pb
  warnings.warn(msg)
/home/takao/.local/lib/python3.8/site-packages/pymatgen/io/cif.py:906: UserWarning: AL parsed as Al
  warnings.warn(msg)
/home/takao/.local/lib/python3.8/site-packages/pymatgen/io/cif.py:1118: UserWarning: Issues encountered while parsing CIF: PB parsed as Pb
PB parsed as Pb
PB parsed as Pb
AL parsed as Al
AL parsed as Al
  warnings.warn("Issues encountered while parsing CIF: %s" % "\n".join(self.warnings))
/home/takao/.local/lib/python3.8/site-packages/pymatgen/io/cif.py:906: UserWarning: TL parsed as Tl
  warnings.warn(msg)
/home/takao/.local/lib/python3.8/site-packages/pymatgen/io/cif.py:906: UserWarning: BE parsed as Be
  warnings.warn(msg)
/home/takao/.local/lib/python3.8/site-packages/pymatgen/io/cif.py:1118: UserWarning: Issues encountered while parsing CIF: TL parsed as Tl
TL parsed as Tl
BE parsed as Be
  warnings.warn("Issues encountered while parsing CIF: %s" % "\n".join(self.warnings))
/home/takao/.local/lib/python3.8/site-packages/pymatgen/io/cif.py:754: UserWarning: No _symmetry_equiv_pos_as_xyz type key found. Defaulting to P1.
  warnings.warn(msg)
/home/takao/.local/lib/python3.8/site-packages/pymatgen/io/cif.py:1012: UserWarning: Some occupancies ([3.0, 1]) sum to > 1! If they are within the tolerance, they will be rescaled.
  warnings.warn(msg)
/home/takao/.local/lib/python3.8/site-packages/pymatgen/io/cif.py:1118: UserWarning: Issues encountered while parsing CIF: No _symmetry_equiv_pos_as_xyz type key found. Defaulting to P1.
Some occupancies ([3.0, 1]) sum to > 1! If they are within the tolerance, they will be rescaled.
Species occupancies sum to more than 1!
  warnings.warn("Issues encountered while parsing CIF: %s" % "\n".join(self.warnings))
/home/takao/.local/lib/python3.8/site-packages/pymatgen/io/cif.py:906: UserWarning: CS parsed as Cs
  warnings.warn(msg)
/home/takao/.local/lib/python3.8/site-packages/pymatgen/io/cif.py:1118: UserWarning: Issues encountered while parsing CIF: Some fractional co-ordinates rounded to ideal values to avoid issues with finite precision.
CS parsed as Cs
CS parsed as Cs
AL parsed as Al
  warnings.warn("Issues encountered while parsing CIF: %s" % "\n".join(self.warnings))
/home/takao/.local/lib/python3.8/site-packages/pymatgen/io/cif.py:1012: UserWarning: Some occupancies ([0.9, 0.1, 1.001, 1.0, 0.5]) sum to > 1! If they are within the tolerance, they will be rescaled.
  warnings.warn(msg)
/home/takao/.local/lib/python3.8/site-packages/pymatgen/io/cif.py:1118: UserWarning: Issues encountered while parsing CIF: Some occupancies ([0.9, 0.1, 1.001, 1.0, 0.5]) sum to > 1! If they are within the tolerance, they will be rescaled.
Species occupancies sum to more than 1!
  warnings.warn("Issues encountered while parsing CIF: %s" % "\n".join(self.warnings))
/home/takao/.local/lib/python3.8/site-packages/pymatgen/io/cif.py:1012: UserWarning: Some occupancies ([2.0, 5.0, 8]) sum to > 1! If they are within the tolerance, they will be rescaled.
  warnings.warn(msg)
/home/takao/.local/lib/python3.8/site-packages/pymatgen/io/cif.py:1118: UserWarning: Issues encountered while parsing CIF: Some occupancies ([2.0, 5.0, 8]) sum to > 1! If they are within the tolerance, they will be rescaled.
Species occupancies sum to more than 1!
  warnings.warn("Issues encountered while parsing CIF: %s" % "\n".join(self.warnings))
        skip non-stoichiometic  1538048.cif
./1538324.cif
./1538488.cif
        skip non-stoichiometic  1538489.cif
        skip non-stoichiometic  1538490.cif
        error pymatgen.Structure  1538542.cif
        skip non-stoichiometic  1538543.cif
./1538553.cif
        skip non-stoichiometic  1538557.cif
./1538713.cif
./1538918.cif
./1538919.cif
./1538920.cif
./1538922.cif
./1539079.cif
        skip non-stoichiometic  1539114.cif
./1539280.cif
./1539366.cif
./1539456.cif
./1539460.cif
./1539464.cif
./1539466.cif
./1539545.cif
./1539548.cif
        skip non-stoichiometic  1539610.cif
./1539611.cif
./1539612.cif
./1539645.cif
./1539647.cif
./1539700.cif
./1539704.cif
./1539927.cif
./1539954.cif
./1539955.cif
./1539956.cif
./1539957.cif
        skip non-stoichiometic  1540078.cif
./1540079.cif
./1540088.cif
./1540113.cif
./1540114.cif
./1540115.cif
./1540117.cif
./1540256.cif
./1540258.cif
./1540846.cif
./1541250.cif
        skip non-stoichiometic  1541431.cif
./1541452.cif
./1541454.cif
./1541456.cif
./1541546.cif
./1541580.cif
./1541581.cif
./1541627.cif
./1541846.cif
./1541847.cif
./1541878.cif
./1542035.cif
./1542071.cif
        skip non-stoichiometic  1542095.cif
        skip non-stoichiometic  1542097.cif
        skip non-stoichiometic  1542182.cif
        skip non-stoichiometic  1542183.cif
./1542224.cif
./1542238.cif
./1542247.cif
./1544381.cif
./1545514.cif
./1545568.cif
./1545625.cif
        skip non-stoichiometic  1545626.cif
        skip non-stoichiometic  1545627.cif
        skip non-stoichiometic  1545628.cif
./1545629.cif
./1545777.cif
./1545872.cif
./1545878.cif
./1545896.cif
        skip non-stoichiometic  1545916.cif
./1545999.cif
./1546000.cif
./1546018.cif
./1546030.cif
./1546071.cif
        skip non-stoichiometic  1546127.cif
./1546376.cif
./1546377.cif
./1546378.cif
./1546379.cif
./1546498.cif
./1546948.cif
        skip non-stoichiometic  1549240.cif
        skip non-stoichiometic  1549241.cif
        skip non-stoichiometic  1561245.cif
        skip non-stoichiometic  1561246.cif
./1562485.cif
./1562486.cif
./1562977.cif
./1562978.cif
./1562979.cif
        skip non-stoichiometic  1563735.cif
        skip non-stoichiometic  1563736.cif
        skip non-stoichiometic  1566248.cif
./2000343.cif
./2000486.cif
./2000863.cif
./2001086.cif
./2001129.cif
./2003882.cif
./2004075.cif
./2004076.cif
./2004077.cif
./2004078.cif
./2004079.cif
./2005698.cif
./2006096.cif
./2006461.cif
        skip non-stoichiometic  2006773.cif
./2010891.cif
./2012071.cif
./2013037.cif
./2015122.cif
./2016268.cif
./2016695.cif
./2017527.cif
./2017572.cif
        skip non-stoichiometic  2017982.cif
./2018874.cif
./2019609.cif
        skip non-stoichiometic  2020379.cif
        skip non-stoichiometic  2020380.cif
./2021000.cif
./2021787.cif
./2100002.cif
./2100003.cif
./2100635.cif
./2100638.cif
./2100641.cif
./2100644.cif
./2100647.cif
./2100650.cif
./2100653.cif
./2100656.cif
./2100659.cif
./2100984.cif
./2100985.cif
./2100986.cif
./2100987.cif
./2101024.cif
        error pymatgen.Structure  2101132.cif
./2101133.cif
./2101135.cif
./2101382.cif
./2102562.cif
./2102652.cif
./2102653.cif
./2102654.cif
./2102655.cif
./2102656.cif
./2102657.cif
./2102658.cif
./2102659.cif
./2103614.cif
./2103615.cif
./2103956.cif
./2104455.cif
./2105406.cif
./2106022.cif
./2106036.cif
./2106080.cif
        skip non-stoichiometic  2106182.cif
./2106237.cif
./2106263.cif
./2106279.cif
./2106280.cif
./2106284.cif
./2106292.cif
./2106427.cif
./2106459.cif
./2106473.cif
./2106474.cif
./2106494.cif
./2106543.cif
        skip non-stoichiometic  2106544.cif
./2106746.cif
./2106747.cif
./2106785.cif
./2106786.cif
./2106787.cif
./2106788.cif
./2106809.cif
./2106810.cif
./2106848.cif
./2106849.cif
./2106850.cif
./2106851.cif
./2106862.cif
./2106894.cif
./2106927.cif
./2107056.cif
./2107060.cif
        skip non-stoichiometic  2107141.cif
./2107206.cif
        skip non-stoichiometic  2107293.cif
        skip non-stoichiometic  2107294.cif
        skip non-stoichiometic  2107295.cif
./2107296.cif
./2107297.cif
./2107298.cif
./2107299.cif
./2107300.cif
./2107330.cif
./2107349.cif
        skip non-stoichiometic  2107374.cif
./2107419.cif
./2108041.cif
        skip non-stoichiometic  2108548.cif
./2108653.cif
./2108654.cif
./2108655.cif
./2201765.cif
./2202038.cif
        skip non-stoichiometic  2206347.cif
./2216659.cif
./2216660.cif
./2224053.cif
./2224054.cif
./2226008.cif
./2234445.cif
./2239415.cif
        skip non-stoichiometic  2240754.cif
./2240755.cif
./2241796.cif
./2300449.cif
./2300484.cif
./2310345.cif
./2310346.cif
./2310359.cif
./2310361.cif
./2310402.cif
./2310428.cif
./2310432.cif
./2310441.cif
./2310474.cif
./2310491.cif
./2310524.cif
./2310528.cif
./2310597.cif
./2310598.cif
./2310599.cif
./2310600.cif
./2310601.cif
./2310706.cif
./2310717.cif
        skip non-stoichiometic  2310861.cif
        skip non-stoichiometic  2310862.cif
./2310863.cif
./2310962.cif
./2311021.cif
./2311030.cif
        skip non-stoichiometic  2311031.cif
./2311072.cif
./2311073.cif
./3000041.cif
./3000042.cif
./3500043.cif
./3500046.cif
./3500049.cif
        skip non-stoichiometic  3500050.cif
./3500051.cif
./3500058.cif
        skip non-stoichiometic  3500061.cif
        skip non-stoichiometic  4000412.cif
        skip non-stoichiometic  4000413.cif
        skip non-stoichiometic  4000414.cif
./4000811.cif
./4027806.cif
./4030184.cif
./4030185.cif
        skip non-stoichiometic  4030190.cif
./4030247.cif
./4030265.cif
        skip non-stoichiometic  4030270.cif
./4030277.cif
./4030278.cif
./4030341.cif
        skip non-stoichiometic  4030350.cif
        skip non-stoichiometic  4030351.cif
        skip non-stoichiometic  4030352.cif
        skip non-stoichiometic  4030353.cif
        skip non-stoichiometic  4030354.cif
        skip non-stoichiometic  4030355.cif
        error pymatgen.Structure  4030419.cif
./4030430.cif
./4030431.cif
./4030437.cif
./4030438.cif
./4030439.cif
./4030440.cif
./4030441.cif
./4030442.cif
./4030443.cif
./4030444.cif
./4030478.cif
./4030487.cif
./4030489.cif
./4030502.cif
        skip non-stoichiometic  4030503.cif
        skip non-stoichiometic  4030504.cif
./4030525.cif
./4030528.cif
./4030619.cif
./4030623.cif
./4030699.cif
./4030735.cif
./4030836.cif
./4030844.cif
./4030867.cif
        skip non-stoichiometic  4030869.cif
./4030890.cif
./4030906.cif
./4031216.cif
./4031244.cif
./4031420.cif
./4031639.cif
./4032447.cif
./4103703.cif
./4103704.cif
./4103705.cif
./4119063.cif
        skip non-stoichiometic  4122597.cif
./4123956.cif
./4124105.cif
./4124106.cif
        skip non-stoichiometic  4124119.cif
./4124120.cif
./4124121.cif
./4124653.cif
./4124659.cif
./4124682.cif
./4124689.cif
./4124692.cif
./4124705.cif
        skip non-stoichiometic  4124789.cif
        skip non-stoichiometic  4124790.cif
./4127282.cif
./4128524.cif
./4128525.cif
./4128526.cif
./4128527.cif
./4128528.cif
./4303319.cif
./4306125.cif
        skip non-stoichiometic  4306126.cif
./4308740.cif
        skip non-stoichiometic  4319229.cif
./4319839.cif
./4322836.cif
./4326941.cif
./4326942.cif
./4326943.cif
./4326944.cif
./4326945.cif
./4328355.cif
./4331391.cif
./4331395.cif
./4331396.cif
./4331397.cif
./4331408.cif
./4331414.cif
./4331423.cif
./4331655.cif
./4331657.cif
./4336587.cif
        skip non-stoichiometic  4338513.cif
./4338514.cif
./4341415.cif
./4342340.cif
        skip non-stoichiometic  4342568.cif
./4343096.cif
./4343400.cif
./4343680.cif
./4343703.cif
./4343704.cif
./4343725.cif
./4343804.cif
        skip non-stoichiometic  4343818.cif
./4343819.cif
./4343820.cif
./4343834.cif
./4343835.cif
./4343837.cif
./4344179.cif
./4344341.cif
./4344378.cif
./4344485.cif
./4344527.cif
./4344528.cif
./4517758.cif
./4517761.cif
./5000222.cif
./5910032.cif
./5910042.cif
./5910077.cif
        error pymatgen.Structure  5910156.cif
        error pymatgen.Structure  5910166.cif
        error pymatgen.Structure  5910196.cif
        error pymatgen.Structure  5910209.cif
./5910266.cif
        error pymatgen.Structure  5910268.cif
./5910280.cif
        error pymatgen.Structure  5910287.cif
./5910306.cif
./5910308.cif
        error pymatgen.Structure  5910310.cif
./5910312.cif
/home/takao/.local/lib/python3.8/site-packages/pymatgen/io/cif.py:1012: UserWarning: Some occupancies ([2, 4, 2, 8, 4, 8, 14, 2]) sum to > 1! If they are within the tolerance, they will be rescaled.
  warnings.warn(msg)
/home/takao/.local/lib/python3.8/site-packages/pymatgen/io/cif.py:1118: UserWarning: Issues encountered while parsing CIF: Some occupancies ([2, 4, 2, 8, 4, 8, 14, 2]) sum to > 1! If they are within the tolerance, they will be rescaled.
Species occupancies sum to more than 1!
  warnings.warn("Issues encountered while parsing CIF: %s" % "\n".join(self.warnings))
/home/takao/.local/lib/python3.8/site-packages/pymatgen/io/cif.py:1012: UserWarning: Some occupancies ([1, 2, 1, 1, 1, 1]) sum to > 1! If they are within the tolerance, they will be rescaled.
  warnings.warn(msg)
/home/takao/.local/lib/python3.8/site-packages/pymatgen/io/cif.py:1118: UserWarning: Issues encountered while parsing CIF: Some occupancies ([1, 2, 1, 1, 1, 1]) sum to > 1! If they are within the tolerance, they will be rescaled.
Species occupancies sum to more than 1!
  warnings.warn("Issues encountered while parsing CIF: %s" % "\n".join(self.warnings))
/home/takao/.local/lib/python3.8/site-packages/pymatgen/io/cif.py:1012: UserWarning: Some occupancies ([2, 2, 4, 4, 4, 8, 8, 8]) sum to > 1! If they are within the tolerance, they will be rescaled.
  warnings.warn(msg)
/home/takao/.local/lib/python3.8/site-packages/pymatgen/io/cif.py:1118: UserWarning: Issues encountered while parsing CIF: Some occupancies ([2, 2, 4, 4, 4, 8, 8, 8]) sum to > 1! If they are within the tolerance, they will be rescaled.
Species occupancies sum to more than 1!
  warnings.warn("Issues encountered while parsing CIF: %s" % "\n".join(self.warnings))
/home/takao/.local/lib/python3.8/site-packages/pymatgen/io/cif.py:1012: UserWarning: Some occupancies ([2, 2, 4, 6, 2, 8, 8, 8]) sum to > 1! If they are within the tolerance, they will be rescaled.
  warnings.warn(msg)
/home/takao/.local/lib/python3.8/site-packages/pymatgen/io/cif.py:1118: UserWarning: Issues encountered while parsing CIF: Some occupancies ([2, 2, 4, 6, 2, 8, 8, 8]) sum to > 1! If they are within the tolerance, they will be rescaled.
Species occupancies sum to more than 1!
  warnings.warn("Issues encountered while parsing CIF: %s" % "\n".join(self.warnings))
/home/takao/.local/lib/python3.8/site-packages/pymatgen/io/cif.py:1012: UserWarning: Some occupancies ([4, 4, 4, 2, 2, 4, 8]) sum to > 1! If they are within the tolerance, they will be rescaled.
  warnings.warn(msg)
/home/takao/.local/lib/python3.8/site-packages/pymatgen/io/cif.py:1118: UserWarning: Issues encountered while parsing CIF: Some occupancies ([4, 4, 4, 2, 2, 4, 8]) sum to > 1! If they are within the tolerance, they will be rescaled.
Species occupancies sum to more than 1!
  warnings.warn("Issues encountered while parsing CIF: %s" % "\n".join(self.warnings))
/home/takao/.local/lib/python3.8/site-packages/pymatgen/io/cif.py:1012: UserWarning: Some occupancies ([1.0610000000000002, 0.45, 1.0]) sum to > 1! If they are within the tolerance, they will be rescaled.
  warnings.warn(msg)
/home/takao/.local/lib/python3.8/site-packages/pymatgen/io/cif.py:1118: UserWarning: Issues encountered while parsing CIF: Some fractional co-ordinates rounded to ideal values to avoid issues with finite precision.
Some occupancies ([1.0610000000000002, 0.45, 1.0]) sum to > 1! If they are within the tolerance, they will be rescaled.
Species occupancies sum to more than 1!
  warnings.warn("Issues encountered while parsing CIF: %s" % "\n".join(self.warnings))
        error pymatgen.Structure  5910313.cif
./5910332.cif
        error pymatgen.Structure  5910337.cif
./6000427.cif
./6000428.cif
./6000429.cif
        skip non-stoichiometic  6000508.cif
./7004700.cif
./7004701.cif
        skip non-stoichiometic  7014525.cif
        skip non-stoichiometic  7014531.cif
        skip non-stoichiometic  7014537.cif
./7020652.cif
./7020653.cif
./7020654.cif
./7020655.cif
./7020656.cif
./7020657.cif
./7020658.cif
./7043525.cif
./7048254.cif
        skip non-stoichiometic  7055592.cif
        skip non-stoichiometic  7059362.cif
        skip non-stoichiometic  7059626.cif
./7200989.cif
./7200990.cif
./7218382.cif
./7221042.cif
./7221214.cif
./7221224.cif
./7221242.cif
        skip non-stoichiometic  7221326.cif
        skip non-stoichiometic  7221327.cif
        skip non-stoichiometic  7221409.cif
        skip non-stoichiometic  7221412.cif
        skip non-stoichiometic  7221413.cif
        skip non-stoichiometic  7221414.cif
        skip non-stoichiometic  7221415.cif
        skip non-stoichiometic  7221416.cif
        skip non-stoichiometic  7221417.cif
        skip non-stoichiometic  7221418.cif
        skip non-stoichiometic  7221419.cif
        skip non-stoichiometic  7221420.cif
        skip non-stoichiometic  7221421.cif
        skip non-stoichiometic  7221422.cif
        skip non-stoichiometic  7221423.cif
        skip non-stoichiometic  7221424.cif
        skip non-stoichiometic  7221425.cif
        skip non-stoichiometic  7221426.cif
        skip non-stoichiometic  7221427.cif
        skip non-stoichiometic  7221428.cif
        skip non-stoichiometic  7221429.cif
        skip non-stoichiometic  7221430.cif
        skip non-stoichiometic  7221431.cif
        skip non-stoichiometic  7221432.cif
        skip non-stoichiometic  7221433.cif
        skip non-stoichiometic  7221434.cif
        skip non-stoichiometic  7221435.cif
        skip non-stoichiometic  7222796.cif
        skip non-stoichiometic  7222798.cif
        skip non-stoichiometic  7222800.cif
./7222801.cif
./7222802.cif
./7222943.cif
./7222944.cif
./7222978.cif
        skip non-stoichiometic  7223706.cif
./7228193.cif
./7228194.cif
./7228636.cif
./7228637.cif
./7228638.cif
./7230297.cif
./7230298.cif
./7231867.cif
        skip in skiplist.py  7704051.cif
./7704052.cif
./7704053.cif
./7704054.cif
./7704055.cif
./7704056.cif
./7704057.cif
        skip in skiplist.py  7704058.cif
./7708735.cif
./8100295.cif
        skip non-stoichiometic  8100582.cif
./8100806.cif
./8100893.cif
./8101456.cif
./8103404.cif
./8103456.cif
./8103503.cif
./8103539.cif
./8103552.cif
./8103553.cif
        skip non-stoichiometic  8103569.cif
./8103577.cif
./8103712.cif
./8103869.cif
./8104200.cif
./9000215.cif
./9001612.cif
./9001614.cif
./9002898.cif
./9004097.cif
        skip non-stoichiometic  9004334.cif
./9006157.cif
./9006349.cif
./9006350.cif
./9006351.cif
        skip non-stoichiometic  9006352.cif
        skip non-stoichiometic  9006353.cif
        skip non-stoichiometic  9006354.cif
        skip non-stoichiometic  9006355.cif
        skip non-stoichiometic  9006356.cif
        skip non-stoichiometic  9006357.cif
        skip non-stoichiometic  9006358.cif
        skip non-stoichiometic  9006359.cif
        skip non-stoichiometic  9006360.cif
        skip non-stoichiometic  9006361.cif
./9006362.cif
./9006363.cif
./9006955.cif
./9006956.cif
        skip non-stoichiometic  9006957.cif
        skip non-stoichiometic  9006958.cif
        skip non-stoichiometic  9006959.cif
        skip non-stoichiometic  9006960.cif
        skip non-stoichiometic  9006961.cif
        skip non-stoichiometic  9006962.cif
        skip non-stoichiometic  9006963.cif
        skip non-stoichiometic  9006964.cif
        skip non-stoichiometic  9006965.cif
./9006966.cif
./9007060.cif
./9007434.cif
./9007457.cif
./9007458.cif
./9007507.cif
./9007508.cif
./9007534.cif
./9007535.cif
./9007536.cif
./9007537.cif
./9007538.cif
./9007539.cif
./9007938.cif
./9007945.cif
./9008114.cif
./9008598.cif
./9008621.cif
./9008652.cif
./9008667.cif
./9008679.cif
./9008708.cif
./9008843.cif
./9008977.cif
./9009004.cif
./9009005.cif
./9009006.cif
./9009013.cif
./9009017.cif
./9009027.cif
./9009037.cif
./9009043.cif
./9009073.cif
./9009074.cif
./9009075.cif
./9009076.cif
./9009077.cif
./9009078.cif
./9009079.cif
./9009094.cif
./9009095.cif
./9009197.cif
./9009341.cif
./9009595.cif
./9009786.cif
./9009994.cif
./9010636.cif
./9010665.cif
./9010943.cif
./9010944.cif
./9011058.cif
./9011159.cif
./9011160.cif
./9011250.cif
./9011257.cif
./9011290.cif
./9011291.cif
./9011292.cif
./9011385.cif
./9012106.cif
./9012139.cif
./9012177.cif
./9012179.cif
./9012181.cif
./9012183.cif
        skip non-stoichiometic  9012185.cif
./9012254.cif
./9012279.cif
./9012280.cif
./9012281.cif
./9012284.cif
./9012332.cif
./9012411.cif
./9012413.cif
./9012414.cif
./9012618.cif
./9012619.cif
        skip non-stoichiometic  9012665.cif
./9013155.cif
./9013438.cif
        skip non-stoichiometic  9013899.cif
        skip non-stoichiometic  9014298.cif
./9014557.cif
        skip non-stoichiometic  9015025.cif
        error pymatgen.Structure  9015419.cif
./9015424.cif
./9015789.cif
./9016386.cif
./9016413.cif
